[I 2024-06-30 20:06:58,721] Trial 18 finished with value: 3.75 and parameters: {'lambda': 1.2894926648608822e-05, 'alpha': 1.1441168646816317e-08, 'colsample_bytree': 0.5, 'subsample': 0.8, 'learning_rate': 1.4987662702957067e-07, 'n_estimators': 780, 'max_depth': 7, 'min_child_weight': 4}. Best is trial 13 with value: 3.6364402770996094.
[I 2024-06-30 20:06:58,775] Trial 19 finished with value: 3.75 and parameters: {'lambda': 0.004154160725900902, 'alpha': 1.5698460178260445e-06, 'colsample_bytree': 0.5, 'subsample': 0.8, 'learning_rate': 1.4959096106647287e-05, 'n_estimators': 624, 'max_depth': 5, 'min_child_weight': 7}. Best is trial 13 with value: 3.6364402770996094.
[I 2024-06-30 20:06:58,846] Trial 20 finished with value: 3.1022586822509766 and parameters: {'lambda': 8.170263132053247e-08, 'alpha': 6.899960388657309e-08, 'colsample_bytree': 0.7, 'subsample': 0.6, 'learning_rate': 0.00131578183708009, 'n_estimators': 778, 'max_depth': 6, 'min_child_weight': 2}. Best is trial 20 with value: 3.1022586822509766.
[I 2024-06-30 20:06:58,926] Trial 21 finished with value: 3.457402229309082 and parameters: {'lambda': 0.6433302677662547, 'alpha': 6.27152563464286e-08, 'colsample_bytree': 0.7, 'subsample': 0.6, 'learning_rate': 0.0009008056806766951, 'n_estimators': 744, 'max_depth': 6, 'min_child_weight': 2}. Best is trial 20 with value: 3.1022586822509766.
[I 2024-06-30 20:06:58,999] Trial 22 finished with value: 3.6115942001342773 and parameters: {'lambda': 0.3440896341425517, 'alpha': 6.508474594901986e-08, 'colsample_bytree': 0.7, 'subsample': 0.6, 'learning_rate': 0.00039615760095870387, 'n_estimators': 745, 'max_depth': 6, 'min_child_weight': 2}. Best is trial 20 with value: 3.1022586822509766.
[I 2024-06-30 20:06:59,093] Trial 23 finished with value: 3.527528762817383 and parameters: {'lambda': 0.8147399963656825, 'alpha': 5.174406887091365e-08, 'colsample_bytree': 0.7, 'subsample': 0.6, 'learning_rate': 0.0005439109299760319, 'n_estimators': 998, 'max_depth': 6, 'min_child_weight': 2}. Best is trial 20 with value: 3.1022586822509766.
[I 2024-06-30 20:06:59,172] Trial 24 finished with value: 3.75 and parameters: {'lambda': 0.9011517874395141, 'alpha': 1.0328286399877316e-08, 'colsample_bytree': 0.7, 'subsample': 0.6, 'learning_rate': 0.0014296446084075556, 'n_estimators': 874, 'max_depth': 7, 'min_child_weight': 4}. Best is trial 20 with value: 3.1022586822509766.
[I 2024-06-30 20:06:59,270] Trial 25 finished with value: 3.5557708740234375 and parameters: {'lambda': 0.008491824467888051, 'alpha': 1.4399007785710586e-05, 'colsample_bytree': 0.7, 'subsample': 0.6, 'learning_rate': 0.00032792741151527183, 'n_estimators': 996, 'max_depth': 6, 'min_child_weight': 2}. Best is trial 20 with value: 3.1022586822509766.
[I 2024-06-30 20:06:59,338] Trial 26 finished with value: 4.1091814041137695 and parameters: {'lambda': 0.3026129821792581, 'alpha': 7.006818224367368e-08, 'colsample_bytree': 0.7, 'subsample': 0.6, 'learning_rate': 0.004007427228343219, 'n_estimators': 807, 'max_depth': 8, 'min_child_weight': 3}. Best is trial 20 with value: 3.1022586822509766.
[I 2024-06-30 20:06:59,426] Trial 27 finished with value: 3.75 and parameters: {'lambda': 0.000746604140602855, 'alpha': 8.429213622381397e-07, 'colsample_bytree': 0.7, 'subsample': 0.6, 'learning_rate': 0.020351748021632823, 'n_estimators': 999, 'max_depth': 6, 'min_child_weight': 4}. Best is trial 20 with value: 3.1022586822509766.
[I 2024-06-30 20:06:59,503] Trial 28 finished with value: 3.75 and parameters: {'lambda': 0.12953901628601897, 'alpha': 6.075015411858361e-08, 'colsample_bytree': 0.7, 'subsample': 0.6, 'learning_rate': 0.00019464027763738167, 'n_estimators': 952, 'max_depth': 8, 'min_child_weight': 5}. Best is trial 20 with value: 3.1022586822509766.
[I 2024-06-30 20:06:59,579] Trial 29 finished with value: 3.75 and parameters: {'lambda': 0.8785328427505146, 'alpha': 8.701649923692298e-05, 'colsample_bytree': 0.7, 'subsample': 1.0, 'learning_rate': 0.001874308630431437, 'n_estimators': 753, 'max_depth': 7, 'min_child_weight': 7}. Best is trial 20 with value: 3.1022586822509766.
[I 2024-06-30 20:06:59,661] Trial 30 finished with value: 0.8843517303466797 and parameters: {'lambda': 0.01792851077968198, 'alpha': 6.136368263585593e-07, 'colsample_bytree': 0.7, 'subsample': 0.6, 'learning_rate': 0.021958829319737055, 'n_estimators': 858, 'max_depth': 4, 'min_child_weight': 2}. Best is trial 30 with value: 0.8843517303466797.
[I 2024-06-30 20:06:59,834] Trial 31 finished with value: 0.8707852363586426 and parameters: {'lambda': 0.01341325145075626, 'alpha': 4.3223135207573055e-07, 'colsample_bytree': 0.7, 'subsample': 0.6, 'learning_rate': 0.025492681007773896, 'n_estimators': 840, 'max_depth': 4, 'min_child_weight': 2}. Best is trial 31 with value: 0.8707852363586426.
[I 2024-06-30 20:06:59,914] Trial 32 finished with value: 0.8271408081054688 and parameters: {'lambda': 0.013039164058591887, 'alpha': 3.579108471289584e-06, 'colsample_bytree': 0.7, 'subsample': 0.6, 'learning_rate': 0.0246381568548842, 'n_estimators': 830, 'max_depth': 4, 'min_child_weight': 2}. Best is trial 32 with value: 0.8271408081054688.
[I 2024-06-30 20:06:59,987] Trial 33 finished with value: 4.795733451843262 and parameters: {'lambda': 0.013101301518422247, 'alpha': 6.982403899568269e-06, 'colsample_bytree': 0.7, 'subsample': 0.6, 'learning_rate': 0.16707861582341058, 'n_estimators': 828, 'max_depth': 4, 'min_child_weight': 3}. Best is trial 32 with value: 0.8271408081054688.
[I 2024-06-30 20:07:00,151] Trial 34 finished with value: 0.8542003631591797 and parameters: {'lambda': 0.0014541957639722344, 'alpha': 2.022735687626719e-06, 'colsample_bytree': 0.7, 'subsample': 0.6, 'learning_rate': 0.020595696394668975, 'n_estimators': 892, 'max_depth': 3, 'min_child_weight': 2}. Best is trial 32 with value: 0.8271408081054688.
[I 2024-06-30 20:07:00,225] Trial 35 finished with value: 3.75 and parameters: {'lambda': 0.0035590730579832747, 'alpha': 3.3598064355694185e-06, 'colsample_bytree': 0.7, 'subsample': 1.0, 'learning_rate': 0.034594431548206996, 'n_estimators': 895, 'max_depth': 3, 'min_child_weight': 3}. Best is trial 32 with value: 0.8271408081054688.
[I 2024-06-30 20:07:00,358] Trial 36 finished with value: 2.9970242977142334 and parameters: {'lambda': 0.0009001607218934328, 'alpha': 6.141712458205162e-05, 'colsample_bytree': 0.7, 'subsample': 0.6, 'learning_rate': 0.014062859390246884, 'n_estimators': 935, 'max_depth': 4, 'min_child_weight': 1}. Best is trial 32 with value: 0.8271408081054688.
[I 2024-06-30 20:07:00,426] Trial 37 finished with value: 3.75 and parameters: {'lambda': 0.037903575632011674, 'alpha': 8.422447511453674e-07, 'colsample_bytree': 0.7, 'subsample': 0.7, 'learning_rate': 0.0834640489228926, 'n_estimators': 841, 'max_depth': 3, 'min_child_weight': 5}. Best is trial 32 with value: 0.8271408081054688.
[I 2024-06-30 20:07:00,492] Trial 38 finished with value: 3.75 and parameters: {'lambda': 0.0002504053563296491, 'alpha': 3.0405062613093605e-05, 'colsample_bytree': 0.7, 'subsample': 0.6, 'learning_rate': 0.432464966650948, 'n_estimators': 708, 'max_depth': 4, 'min_child_weight': 10}. Best is trial 32 with value: 0.8271408081054688.
[I 2024-06-30 20:07:00,578] Trial 39 finished with value: 1.106553077697754 and parameters: {'lambda': 0.09379890537971838, 'alpha': 0.00022835718130953945, 'colsample_bytree': 0.4, 'subsample': 0.6, 'learning_rate': 0.07174636499090874, 'n_estimators': 874, 'max_depth': 3, 'min_child_weight': 2}. Best is trial 32 with value: 0.8271408081054688.
[I 2024-06-30 20:07:00,636] Trial 40 finished with value: 3.75 and parameters: {'lambda': 0.015548334201149781, 'alpha': 7.689248425351674e-06, 'colsample_bytree': 0.7, 'subsample': 1.0, 'learning_rate': 0.34035597090843034, 'n_estimators': 580, 'max_depth': 4, 'min_child_weight': 3}. Best is trial 32 with value: 0.8271408081054688.
[I 2024-06-30 20:07:00,718] Trial 41 finished with value: 1.0533499717712402 and parameters: {'lambda': 0.08327176910017695, 'alpha': 0.0007718548006968822, 'colsample_bytree': 0.4, 'subsample': 0.6, 'learning_rate': 0.08934164689621242, 'n_estimators': 880, 'max_depth': 3, 'min_child_weight': 2}. Best is trial 32 with value: 0.8271408081054688.
[I 2024-06-30 20:07:00,844] Trial 42 finished with value: 2.9883718490600586 and parameters: {'lambda': 0.0023296995030449856, 'alpha': 0.0021154822283307073, 'colsample_bytree': 0.4, 'subsample': 0.6, 'learning_rate': 0.012043232792039895, 'n_estimators': 925, 'max_depth': 3, 'min_child_weight': 1}. Best is trial 32 with value: 0.8271408081054688.
[I 2024-06-30 20:07:00,921] Trial 43 finished with value: 1.011385440826416 and parameters: {'lambda': 0.03902452412770513, 'alpha': 0.0012029217444850641, 'colsample_bytree': 0.4, 'subsample': 0.5, 'learning_rate': 0.040780563132423626, 'n_estimators': 814, 'max_depth': 3, 'min_child_weight': 2}. Best is trial 32 with value: 0.8271408081054688.
[I 2024-06-30 20:07:00,996] Trial 44 finished with value: 3.75 and parameters: {'lambda': 0.028586898224337715, 'alpha': 0.012655061841877589, 'colsample_bytree': 0.4, 'subsample': 0.5, 'learning_rate': 0.006202047269220741, 'n_estimators': 812, 'max_depth': 4, 'min_child_weight': 4}. Best is trial 32 with value: 0.8271408081054688.
[I 2024-06-30 20:07:01,085] Trial 45 finished with value: 3.830948829650879 and parameters: {'lambda': 0.00949900617378062, 'alpha': 1.3549554997116766e-06, 'colsample_bytree': 0.4, 'subsample': 0.5, 'learning_rate': 0.03701998900237356, 'n_estimators': 946, 'max_depth': 3, 'min_child_weight': 3}. Best is trial 32 with value: 0.8271408081054688.
[I 2024-06-30 20:07:01,160] Trial 46 finished with value: 2.5992298126220703 and parameters: {'lambda': 0.0003705948441508501, 'alpha': 3.6519609417469296e-07, 'colsample_bytree': 0.7, 'subsample': 0.5, 'learning_rate': 0.0036933377240735417, 'n_estimators': 854, 'max_depth': 4, 'min_child_weight': 2}. Best is trial 32 with value: 0.8271408081054688.
[I 2024-06-30 20:07:01,225] Trial 47 finished with value: 2.824511766433716 and parameters: {'lambda': 0.005224404631005583, 'alpha': 0.1759483582782823, 'colsample_bytree': 0.4, 'subsample': 0.9, 'learning_rate': 0.27976735443255635, 'n_estimators': 702, 'max_depth': 3, 'min_child_weight': 1}. Best is trial 32 with value: 0.8271408081054688.
[I 2024-06-30 20:07:01,301] Trial 48 finished with value: 2.9977636337280273 and parameters: {'lambda': 0.0019479593170134467, 'alpha': 0.0019063647573051502, 'colsample_bytree': 0.7, 'subsample': 0.7, 'learning_rate': 0.8408255483139361, 'n_estimators': 804, 'max_depth': 4, 'min_child_weight': 1}. Best is trial 32 with value: 0.8271408081054688.
[I 2024-06-30 20:07:01,341] Trial 49 finished with value: 3.75 and parameters: {'lambda': 3.924076460836068e-05, 'alpha': 2.8815186346994153e-06, 'colsample_bytree': 0.3, 'subsample': 0.5, 'learning_rate': 0.011996384145252762, 'n_estimators': 463, 'max_depth': 4, 'min_child_weight': 7}. Best is trial 32 with value: 0.8271408081054688.
[I 2024-06-30 20:07:01,402] Trial 50 finished with value: 1.0739727020263672 and parameters: {'lambda': 0.03754716019920929, 'alpha': 3.25757376356701e-05, 'colsample_bytree': 0.7, 'subsample': 0.5, 'learning_rate': 0.044114414308218976, 'n_estimators': 603, 'max_depth': 3, 'min_child_weight': 2}. Best is trial 32 with value: 0.8271408081054688.
[I 2024-06-30 20:07:01,486] Trial 51 finished with value: 0.4999117851257324 and parameters: {'lambda': 0.16301985350799772, 'alpha': 0.0006258165952519873, 'colsample_bytree': 0.4, 'subsample': 0.6, 'learning_rate': 0.1515414042503635, 'n_estimators': 889, 'max_depth': 3, 'min_child_weight': 2}. Best is trial 51 with value: 0.4999117851257324.
[I 2024-06-30 20:07:01,570] Trial 52 finished with value: 4.152091026306152 and parameters: {'lambda': 0.2130171530203642, 'alpha': 0.00022908295549807728, 'colsample_bytree': 0.4, 'subsample': 0.6, 'learning_rate': 0.1746918543120415, 'n_estimators': 903, 'max_depth': 3, 'min_child_weight': 3}. Best is trial 51 with value: 0.4999117851257324.
[I 2024-06-30 20:07:01,666] Trial 53 finished with value: 0.8879151344299316 and parameters: {'lambda': 0.05316568471009985, 'alpha': 0.0012296180463431594, 'colsample_bytree': 0.4, 'subsample': 0.6, 'learning_rate': 0.019677534576538508, 'n_estimators': 958, 'max_depth': 3, 'min_child_weight': 2}. Best is trial 51 with value: 0.4999117851257324.
[I 2024-06-30 20:07:01,924] Trial 54 finished with value: 2.929783582687378 and parameters: {'lambda': 0.019512703840283703, 'alpha': 0.011272614882016795, 'colsample_bytree': 0.4, 'subsample': 0.6, 'learning_rate': 0.008390281920202637, 'n_estimators': 966, 'max_depth': 5, 'min_child_weight': 1}. Best is trial 51 with value: 0.4999117851257324.
[I 2024-06-30 20:07:01,996] Trial 55 finished with value: 4.149640083312988 and parameters: {'lambda': 0.06290625702491047, 'alpha': 0.00020437013895484058, 'colsample_bytree': 0.4, 'subsample': 0.6, 'learning_rate': 0.0037996299515027448, 'n_estimators': 905, 'max_depth': 4, 'min_child_weight': 3}. Best is trial 51 with value: 0.4999117851257324.
[I 2024-06-30 20:07:02,081] Trial 56 finished with value: 0.9145708084106445 and parameters: {'lambda': 0.14227370371674947, 'alpha': 1.351104968123252e-07, 'colsample_bytree': 0.3, 'subsample': 0.6, 'learning_rate': 0.020258009834270476, 'n_estimators': 857, 'max_depth': 3, 'min_child_weight': 2}. Best is trial 51 with value: 0.4999117851257324.
[I 2024-06-30 20:07:02,119] Trial 57 finished with value: 3.75 and parameters: {'lambda': 0.00524639635414281, 'alpha': 5.567953787676382e-07, 'colsample_bytree': 0.4, 'subsample': 0.9, 'learning_rate': 0.0023088439425028064, 'n_estimators': 286, 'max_depth': 5, 'min_child_weight': 4}. Best is trial 51 with value: 0.4999117851257324.
[I 2024-06-30 20:07:02,204] Trial 58 finished with value: 2.994047164916992 and parameters: {'lambda': 0.007122580042157868, 'alpha': 0.00559534719228832, 'colsample_bytree': 0.7, 'subsample': 0.6, 'learning_rate': 0.4459277454027257, 'n_estimators': 963, 'max_depth': 4, 'min_child_weight': 1}. Best is trial 51 with value: 0.4999117851257324.
[I 2024-06-30 20:07:02,282] Trial 59 finished with value: 3.75 and parameters: {'lambda': 0.001901252250362439, 'alpha': 6.667092578536283e-06, 'colsample_bytree': 0.5, 'subsample': 0.6, 'learning_rate': 0.02287239360332073, 'n_estimators': 921, 'max_depth': 3, 'min_child_weight': 8}. Best is trial 51 with value: 0.4999117851257324.
[I 2024-06-30 20:07:02,308] Trial 60 finished with value: 1.1693625450134277 and parameters: {'lambda': 0.3144606665564592, 'alpha': 1.754275298844617e-06, 'colsample_bytree': 0.7, 'subsample': 0.6, 'learning_rate': 0.14118265258265406, 'n_estimators': 117, 'max_depth': 4, 'min_child_weight': 2}. Best is trial 51 with value: 0.4999117851257324.
[I 2024-06-30 20:07:02,411] Trial 61 finished with value: 1.0256938934326172 and parameters: {'lambda': 0.18928830083424694, 'alpha': 1.437288593382623e-07, 'colsample_bytree': 0.3, 'subsample': 0.6, 'learning_rate': 0.06198249593807699, 'n_estimators': 851, 'max_depth': 3, 'min_child_weight': 2}. Best is trial 51 with value: 0.4999117851257324.
[I 2024-06-30 20:07:02,478] Trial 62 finished with value: 4.101291656494141 and parameters: {'lambda': 0.12407239284393619, 'alpha': 2.8021996895883878e-08, 'colsample_bytree': 0.3, 'subsample': 0.6, 'learning_rate': 0.013358341048369646, 'n_estimators': 788, 'max_depth': 3, 'min_child_weight': 3}. Best is trial 51 with value: 0.4999117851257324.
[I 2024-06-30 20:07:02,562] Trial 63 finished with value: 0.8465871810913086 and parameters: {'lambda': 0.0212213708694026, 'alpha': 1.3451252116132652e-07, 'colsample_bytree': 0.3, 'subsample': 0.6, 'learning_rate': 0.02699804823850625, 'n_estimators': 861, 'max_depth': 3, 'min_child_weight': 2}. Best is trial 51 with value: 0.4999117851257324.
[I 2024-06-30 20:07:02,715] Trial 64 finished with value: 3.7478561401367188 and parameters: {'lambda': 0.0200731441102694, 'alpha': 4.2788895172429e-07, 'colsample_bytree': 0.3, 'subsample': 0.6, 'learning_rate': 5.843792628348375e-07, 'n_estimators': 970, 'max_depth': 4, 'min_child_weight': 1}. Best is trial 51 with value: 0.4999117851257324.
[I 2024-06-30 20:07:02,791] Trial 65 finished with value: 0.8023676872253418 and parameters: {'lambda': 0.058391841199827134, 'alpha': 0.0005649870685763076, 'colsample_bytree': 0.3, 'subsample': 0.7, 'learning_rate': 0.007338667299317233, 'n_estimators': 713, 'max_depth': 5, 'min_child_weight': 2}. Best is trial 51 with value: 0.4999117851257324.
[I 2024-06-30 20:07:02,856] Trial 66 finished with value: 4.1836442947387695 and parameters: {'lambda': 0.013816163132173922, 'alpha': 2.535702233071171e-08, 'colsample_bytree': 0.3, 'subsample': 0.7, 'learning_rate': 0.24439615601758277, 'n_estimators': 709, 'max_depth': 5, 'min_child_weight': 3}. Best is trial 51 with value: 0.4999117851257324.
[I 2024-06-30 20:07:02,935] Trial 67 finished with value: 0.7554774284362793 and parameters: {'lambda': 0.00045103171764398857, 'alpha': 0.0004658390140543729, 'colsample_bytree': 0.3, 'subsample': 0.7, 'learning_rate': 0.007331297547442549, 'n_estimators': 753, 'max_depth': 5, 'min_child_weight': 2}. Best is trial 51 with value: 0.4999117851257324.
[I 2024-06-30 20:07:03,046] Trial 68 finished with value: 2.7220146656036377 and parameters: {'lambda': 0.0005132919319893632, 'alpha': 0.0004573878888420623, 'colsample_bytree': 0.3, 'subsample': 0.7, 'learning_rate': 0.00707863443317203, 'n_estimators': 640, 'max_depth': 5, 'min_child_weight': 1}. Best is trial 51 with value: 0.4999117851257324.
[I 2024-06-30 20:07:03,130] Trial 69 finished with value: 1.68699312210083 and parameters: {'lambda': 0.003384087795070352, 'alpha': 0.0001012100597570669, 'colsample_bytree': 0.3, 'subsample': 0.7, 'learning_rate': 0.0030215552797953943, 'n_estimators': 767, 'max_depth': 5, 'min_child_weight': 2}. Best is trial 51 with value: 0.4999117851257324.
[I 2024-06-30 20:07:03,190] Trial 70 finished with value: 3.75 and parameters: {'lambda': 8.03047657527604e-05, 'alpha': 5.298661227185775e-05, 'colsample_bytree': 0.3, 'subsample': 0.7, 'learning_rate': 0.0009367721248940269, 'n_estimators': 679, 'max_depth': 5, 'min_child_weight': 4}. Best is trial 51 with value: 0.4999117851257324.
[I 2024-06-30 20:07:03,274] Trial 71 finished with value: 0.7694520950317383 and parameters: {'lambda': 0.001054124453453875, 'alpha': 1.6381113264845198e-06, 'colsample_bytree': 0.3, 'subsample': 0.7, 'learning_rate': 0.06928897869851765, 'n_estimators': 833, 'max_depth': 4, 'min_child_weight': 2}. Best is trial 51 with value: 0.4999117851257324.
[I 2024-06-30 20:07:03,343] Trial 72 finished with value: 0.4875030517578125 and parameters: {'lambda': 0.00016244732786598127, 'alpha': 1.2693149271788393e-05, 'colsample_bytree': 0.3, 'subsample': 0.7, 'learning_rate': 0.05314372441613287, 'n_estimators': 731, 'max_depth': 4, 'min_child_weight': 2}. Best is trial 72 with value: 0.4875030517578125.
[I 2024-06-30 20:07:03,411] Trial 73 finished with value: 4.354377746582031 and parameters: {'lambda': 0.00015199720402610684, 'alpha': 4.3025277787814545e-06, 'colsample_bytree': 0.3, 'subsample': 0.7, 'learning_rate': 0.12116886906502157, 'n_estimators': 737, 'max_depth': 5, 'min_child_weight': 3}. Best is trial 72 with value: 0.4875030517578125.
[I 2024-06-30 20:07:03,482] Trial 74 finished with value: 0.41284894943237305 and parameters: {'lambda': 2.4077147000432833e-05, 'alpha': 1.5309991451688288e-05, 'colsample_bytree': 0.3, 'subsample': 0.7, 'learning_rate': 0.07853173735513529, 'n_estimators': 722, 'max_depth': 4, 'min_child_weight': 2}. Best is trial 74 with value: 0.41284894943237305.
[I 2024-06-30 20:07:03,560] Trial 75 finished with value: 2.9992146492004395 and parameters: {'lambda': 3.342350066724629e-05, 'alpha': 0.00013598999361474987, 'colsample_bytree': 0.3, 'subsample': 0.7, 'learning_rate': 0.10602768607248057, 'n_estimators': 724, 'max_depth': 4, 'min_child_weight': 1}. Best is trial 74 with value: 0.41284894943237305.
[I 2024-06-30 20:07:03,630] Trial 76 finished with value: 0.5803260803222656 and parameters: {'lambda': 4.589194868701029e-06, 'alpha': 1.5109652324202642e-05, 'colsample_bytree': 0.3, 'subsample': 0.7, 'learning_rate': 0.059420373226677446, 'n_estimators': 677, 'max_depth': 4, 'min_child_weight': 2}. Best is trial 74 with value: 0.41284894943237305.
[I 2024-06-30 20:07:03,695] Trial 77 finished with value: 4.251011848449707 and parameters: {'lambda': 8.473691375556262e-06, 'alpha': 1.0326612556210883e-05, 'colsample_bytree': 0.3, 'subsample': 0.7, 'learning_rate': 0.06915476151504169, 'n_estimators': 685, 'max_depth': 5, 'min_child_weight': 3}. Best is trial 74 with value: 0.41284894943237305.
[I 2024-06-30 20:07:03,757] Trial 78 finished with value: 3.75 and parameters: {'lambda': 1.11873378501611e-06, 'alpha': 1.8953892442440487e-05, 'colsample_bytree': 0.3, 'subsample': 0.7, 'learning_rate': 0.6876799482468633, 'n_estimators': 623, 'max_depth': 4, 'min_child_weight': 6}. Best is trial 74 with value: 0.41284894943237305.
[I 2024-06-30 20:07:03,854] Trial 79 finished with value: 0.49555206298828125 and parameters: {'lambda': 8.223599294399017e-06, 'alpha': 1.6995986364152552e-05, 'colsample_bytree': 0.3, 'subsample': 0.7, 'learning_rate': 0.2126731313874173, 'n_estimators': 648, 'max_depth': 4, 'min_child_weight': 2}. Best is trial 74 with value: 0.41284894943237305.
[I 2024-06-30 20:07:03,908] Trial 80 finished with value: 2.9992828369140625 and parameters: {'lambda': 7.3794867656642445e-06, 'alpha': 4.003574176046563e-05, 'colsample_bytree': 0.3, 'subsample': 0.7, 'learning_rate': 0.20386545934472514, 'n_estimators': 528, 'max_depth': 6, 'min_child_weight': 1}. Best is trial 74 with value: 0.41284894943237305.
