[I 2024-06-30 20:07:18,552] Trial 40 finished with value: 3.75 and parameters: {'lambda': 3.555407002279057e-06, 'alpha': 4.472430016551859e-05, 'colsample_bytree': 0.7, 'subsample': 0.7, 'learning_rate': 0.12080921083219519, 'n_estimators': 564, 'max_depth': 4, 'min_child_weight': 5}. Best is trial 39 with value: 0.0005040168762207031.
[I 2024-06-30 20:07:18,753] Trial 41 finished with value: 0.0006532669067382812 and parameters: {'lambda': 4.55858658841874e-08, 'alpha': 0.0003222448166657141, 'colsample_bytree': 0.3, 'subsample': 1.0, 'learning_rate': 0.02955417366119222, 'n_estimators': 927, 'max_depth': 5, 'min_child_weight': 2}. Best is trial 39 with value: 0.0005040168762207031.
[I 2024-06-30 20:07:18,910] Trial 42 finished with value: 3.75 and parameters: {'lambda': 6.17321612555656e-08, 'alpha': 0.000646299582855558, 'colsample_bytree': 0.3, 'subsample': 1.0, 'learning_rate': 0.034670596813357026, 'n_estimators': 922, 'max_depth': 5, 'min_child_weight': 3}. Best is trial 39 with value: 0.0005040168762207031.
[I 2024-06-30 20:07:19,036] Trial 43 finished with value: 2.9814629554748535 and parameters: {'lambda': 3.9985281307368256e-08, 'alpha': 0.018055863334394236, 'colsample_bytree': 0.3, 'subsample': 0.6, 'learning_rate': 0.0183377946509002, 'n_estimators': 957, 'max_depth': 4, 'min_child_weight': 1}. Best is trial 39 with value: 0.0005040168762207031.
[I 2024-06-30 20:07:19,111] Trial 44 finished with value: 0.0006451606750488281 and parameters: {'lambda': 6.131809342853728e-07, 'alpha': 0.00032880620980808205, 'colsample_bytree': 0.3, 'subsample': 1.0, 'learning_rate': 0.1555758499124221, 'n_estimators': 762, 'max_depth': 5, 'min_child_weight': 2}. Best is trial 39 with value: 0.0005040168762207031.
[I 2024-06-30 20:07:19,191] Trial 45 finished with value: 1.75431489944458 and parameters: {'lambda': 7.623394997511533e-07, 'alpha': 0.00027363347960806, 'colsample_bytree': 0.3, 'subsample': 0.5, 'learning_rate': 0.6763565255585956, 'n_estimators': 872, 'max_depth': 5, 'min_child_weight': 2}. Best is trial 39 with value: 0.0005040168762207031.
[I 2024-06-30 20:07:19,267] Trial 46 finished with value: 3.75 and parameters: {'lambda': 3.4618254703109317e-06, 'alpha': 0.0018387835803954776, 'colsample_bytree': 0.7, 'subsample': 1.0, 'learning_rate': 0.127974313056927, 'n_estimators': 760, 'max_depth': 5, 'min_child_weight': 4}. Best is trial 39 with value: 0.0005040168762207031.
[I 2024-06-30 20:07:19,330] Trial 47 finished with value: 3.75 and parameters: {'lambda': 5.218316168816377e-07, 'alpha': 9.225251831505347e-05, 'colsample_bytree': 0.4, 'subsample': 1.0, 'learning_rate': 0.8105522451078342, 'n_estimators': 677, 'max_depth': 5, 'min_child_weight': 7}. Best is trial 39 with value: 0.0005040168762207031.
[I 2024-06-30 20:07:19,435] Trial 48 finished with value: 2.999159097671509 and parameters: {'lambda': 2.1386816940363642e-06, 'alpha': 3.311541770575527e-05, 'colsample_bytree': 0.3, 'subsample': 0.9, 'learning_rate': 0.029637227955596767, 'n_estimators': 947, 'max_depth': 3, 'min_child_weight': 1}. Best is trial 39 with value: 0.0005040168762207031.
[I 2024-06-30 20:07:19,511] Trial 49 finished with value: 4.042156219482422 and parameters: {'lambda': 6.809478283495943e-06, 'alpha': 0.00034590729132791053, 'colsample_bytree': 0.3, 'subsample': 0.6, 'learning_rate': 0.07601804903328878, 'n_estimators': 863, 'max_depth': 5, 'min_child_weight': 3}. Best is trial 39 with value: 0.0005040168762207031.
[I 2024-06-30 20:07:19,561] Trial 50 finished with value: 3.75 and parameters: {'lambda': 1.206633916697333e-06, 'alpha': 0.0029471477113332174, 'colsample_bytree': 0.7, 'subsample': 1.0, 'learning_rate': 0.01138926455301309, 'n_estimators': 479, 'max_depth': 5, 'min_child_weight': 10}. Best is trial 39 with value: 0.0005040168762207031.
[I 2024-06-30 20:07:19,661] Trial 51 finished with value: 0.4385204315185547 and parameters: {'lambda': 1.4297236799312697e-07, 'alpha': 0.00011059167100708435, 'colsample_bytree': 0.3, 'subsample': 1.0, 'learning_rate': 0.00264612583512498, 'n_estimators': 810, 'max_depth': 4, 'min_child_weight': 2}. Best is trial 39 with value: 0.0005040168762207031.
[I 2024-06-30 20:07:19,792] Trial 52 finished with value: 1.6032519340515137 and parameters: {'lambda': 2.699976327755678e-08, 'alpha': 7.79662060637788e-06, 'colsample_bytree': 0.3, 'subsample': 1.0, 'learning_rate': 0.0005263816781186098, 'n_estimators': 727, 'max_depth': 4, 'min_child_weight': 1}. Best is trial 39 with value: 0.0005040168762207031.
[I 2024-06-30 20:07:19,935] Trial 53 finished with value: 3.6589174270629883 and parameters: {'lambda': 1.993491190804843e-07, 'alpha': 3.845842456223723e-05, 'colsample_bytree': 0.3, 'subsample': 1.0, 'learning_rate': 2.9300888669789487e-05, 'n_estimators': 839, 'max_depth': 4, 'min_child_weight': 2}. Best is trial 39 with value: 0.0005040168762207031.
[I 2024-06-30 20:07:20,021] Trial 54 finished with value: 4.131101608276367 and parameters: {'lambda': 4.2059456150303906e-07, 'alpha': 0.10667814320722957, 'colsample_bytree': 0.3, 'subsample': 0.7, 'learning_rate': 0.011474663956243983, 'n_estimators': 902, 'max_depth': 3, 'min_child_weight': 3}. Best is trial 39 with value: 0.0005040168762207031.
[I 2024-06-30 20:07:20,106] Trial 55 finished with value: 0.0005803108215332031 and parameters: {'lambda': 9.066793867387414e-08, 'alpha': 0.0004048759366410829, 'colsample_bytree': 0.3, 'subsample': 1.0, 'learning_rate': 0.35480174040493034, 'n_estimators': 979, 'max_depth': 5, 'min_child_weight': 2}. Best is trial 39 with value: 0.0005040168762207031.
[I 2024-06-30 20:07:20,189] Trial 56 finished with value: 2.9988021850585938 and parameters: {'lambda': 7.898591297258518e-06, 'alpha': 0.0004139839747398605, 'colsample_bytree': 0.3, 'subsample': 1.0, 'learning_rate': 0.1933660494017612, 'n_estimators': 966, 'max_depth': 5, 'min_child_weight': 1}. Best is trial 39 with value: 0.0005040168762207031.
[I 2024-06-30 20:07:20,304] Trial 57 finished with value: 0.6468591690063477 and parameters: {'lambda': 2.265852986514735e-08, 'alpha': 9.483652246396178e-05, 'colsample_bytree': 0.3, 'subsample': 0.5, 'learning_rate': 0.3264658515822432, 'n_estimators': 980, 'max_depth': 5, 'min_child_weight': 2}. Best is trial 39 with value: 0.0005040168762207031.
[I 2024-06-30 20:07:20,329] Trial 58 finished with value: 3.9866943359375 and parameters: {'lambda': 2.3613138047120338e-05, 'alpha': 0.001503905947058699, 'colsample_bytree': 0.3, 'subsample': 0.9, 'learning_rate': 0.042741031118465854, 'n_estimators': 100, 'max_depth': 5, 'min_child_weight': 3}. Best is trial 39 with value: 0.0005040168762207031.
[I 2024-06-30 20:07:20,418] Trial 59 finished with value: 2.994633913040161 and parameters: {'lambda': 1.070983506867816e-06, 'alpha': 0.004788918393574173, 'colsample_bytree': 0.4, 'subsample': 1.0, 'learning_rate': 0.3975271708096484, 'n_estimators': 998, 'max_depth': 5, 'min_child_weight': 1}. Best is trial 39 with value: 0.0005040168762207031.
[I 2024-06-30 20:07:20,503] Trial 60 finished with value: 0.0010328292846679688 and parameters: {'lambda': 2.256670661252063e-06, 'alpha': 0.0010704247408746441, 'colsample_bytree': 0.3, 'subsample': 1.0, 'learning_rate': 0.09647472004101693, 'n_estimators': 929, 'max_depth': 6, 'min_child_weight': 2}. Best is trial 39 with value: 0.0005040168762207031.
[I 2024-06-30 20:07:20,584] Trial 61 finished with value: 0.0009140968322753906 and parameters: {'lambda': 2.1036319154424675e-06, 'alpha': 0.0008914575262766493, 'colsample_bytree': 0.3, 'subsample': 1.0, 'learning_rate': 0.11583394319069264, 'n_estimators': 924, 'max_depth': 6, 'min_child_weight': 2}. Best is trial 39 with value: 0.0005040168762207031.
[I 2024-06-30 20:07:20,662] Trial 62 finished with value: 3.75 and parameters: {'lambda': 7.753895088523596e-06, 'alpha': 0.00042325755097732547, 'colsample_bytree': 0.3, 'subsample': 1.0, 'learning_rate': 0.1617190973792913, 'n_estimators': 892, 'max_depth': 7, 'min_child_weight': 3}. Best is trial 39 with value: 0.0005040168762207031.
[I 2024-06-30 20:07:20,776] Trial 63 finished with value: 3.75 and parameters: {'lambda': 3.0395003101424754e-07, 'alpha': 0.00017744253910654178, 'colsample_bytree': 0.3, 'subsample': 1.0, 'learning_rate': 1.7152286791108195e-08, 'n_estimators': 945, 'max_depth': 6, 'min_child_weight': 2}. Best is trial 39 with value: 0.0005040168762207031.
[I 2024-06-30 20:07:20,856] Trial 64 finished with value: 0.4600257873535156 and parameters: {'lambda': 6.896305611774066e-07, 'alpha': 0.9190836088504529, 'colsample_bytree': 0.3, 'subsample': 1.0, 'learning_rate': 0.05639858157604492, 'n_estimators': 857, 'max_depth': 6, 'min_child_weight': 2}. Best is trial 39 with value: 0.0005040168762207031.
[I 2024-06-30 20:07:20,938] Trial 65 finished with value: 0.2286362648010254 and parameters: {'lambda': 8.582696465108272e-08, 'alpha': 7.096050407655897e-05, 'colsample_bytree': 0.3, 'subsample': 0.6, 'learning_rate': 0.42908888290257746, 'n_estimators': 976, 'max_depth': 6, 'min_child_weight': 2}. Best is trial 39 with value: 0.0005040168762207031.
[I 2024-06-30 20:07:21,014] Trial 66 finished with value: 3.75 and parameters: {'lambda': 1.7261918494259393e-06, 'alpha': 0.0005992410368211362, 'colsample_bytree': 0.5, 'subsample': 1.0, 'learning_rate': 0.0282189471944611, 'n_estimators': 890, 'max_depth': 5, 'min_child_weight': 9}. Best is trial 39 with value: 0.0005040168762207031.
[I 2024-06-30 20:07:21,093] Trial 67 finished with value: 3.75 and parameters: {'lambda': 2.85679296753196e-05, 'alpha': 0.011800474221341267, 'colsample_bytree': 0.3, 'subsample': 1.0, 'learning_rate': 0.009448439805086684, 'n_estimators': 918, 'max_depth': 7, 'min_child_weight': 4}. Best is trial 39 with value: 0.0005040168762207031.
[I 2024-06-30 20:07:21,180] Trial 68 finished with value: 3.75 and parameters: {'lambda': 0.0001155835577082339, 'alpha': 0.0026578108759842426, 'colsample_bytree': 0.3, 'subsample': 1.0, 'learning_rate': 0.0023546510840382856, 'n_estimators': 999, 'max_depth': 6, 'min_child_weight': 3}. Best is trial 39 with value: 0.0005040168762207031.
[I 2024-06-30 20:07:21,254] Trial 69 finished with value: 2.9989988803863525 and parameters: {'lambda': 6.665064566077947e-06, 'alpha': 0.00017519644025781783, 'colsample_bytree': 0.7, 'subsample': 1.0, 'learning_rate': 0.07576157172865187, 'n_estimators': 770, 'max_depth': 5, 'min_child_weight': 1}. Best is trial 39 with value: 0.0005040168762207031.
[I 2024-06-30 20:07:21,336] Trial 70 finished with value: 2.9993317127227783 and parameters: {'lambda': 4.1406031390214414e-08, 'alpha': 2.7185143174491687e-05, 'colsample_bytree': 0.3, 'subsample': 0.9, 'learning_rate': 0.20289284074099367, 'n_estimators': 951, 'max_depth': 5, 'min_child_weight': 1}. Best is trial 39 with value: 0.0005040168762207031.
[I 2024-06-30 20:07:21,424] Trial 71 finished with value: 0.000995635986328125 and parameters: {'lambda': 2.4524947421459057e-06, 'alpha': 0.0009949995947418615, 'colsample_bytree': 0.3, 'subsample': 1.0, 'learning_rate': 0.0853787333979046, 'n_estimators': 916, 'max_depth': 6, 'min_child_weight': 2}. Best is trial 39 with value: 0.0005040168762207031.
[I 2024-06-30 20:07:21,508] Trial 72 finished with value: 0.0009336471557617188 and parameters: {'lambda': 1.3225117513813596e-05, 'alpha': 0.000871592425809227, 'colsample_bytree': 0.3, 'subsample': 1.0, 'learning_rate': 0.04637187646298333, 'n_estimators': 841, 'max_depth': 6, 'min_child_weight': 2}. Best is trial 39 with value: 0.0005040168762207031.
[I 2024-06-30 20:07:21,589] Trial 73 finished with value: 4.235710144042969 and parameters: {'lambda': 1.2953152224397317e-05, 'alpha': 0.00029069202891741203, 'colsample_bytree': 0.3, 'subsample': 0.7, 'learning_rate': 0.024967797720734798, 'n_estimators': 841, 'max_depth': 6, 'min_child_weight': 3}. Best is trial 39 with value: 0.0005040168762207031.
[I 2024-06-30 20:07:21,670] Trial 74 finished with value: 0.0032758712768554688 and parameters: {'lambda': 4.798802303869883e-06, 'alpha': 0.005580200613029539, 'colsample_bytree': 0.3, 'subsample': 1.0, 'learning_rate': 0.04376989034923755, 'n_estimators': 793, 'max_depth': 6, 'min_child_weight': 2}. Best is trial 39 with value: 0.0005040168762207031.
[I 2024-06-30 20:07:21,743] Trial 75 finished with value: 0.00016164779663085938 and parameters: {'lambda': 1.2917506091380822e-05, 'alpha': 1.2975040351002447e-05, 'colsample_bytree': 0.3, 'subsample': 1.0, 'learning_rate': 0.9197903192195737, 'n_estimators': 879, 'max_depth': 7, 'min_child_weight': 2}. Best is trial 75 with value: 0.00016164779663085938.
[I 2024-06-30 20:07:21,822] Trial 76 finished with value: 2.9993696212768555 and parameters: {'lambda': 6.617821676792246e-05, 'alpha': 6.0883106937251656e-05, 'colsample_bytree': 0.3, 'subsample': 1.0, 'learning_rate': 0.35270388049129836, 'n_estimators': 886, 'max_depth': 8, 'min_child_weight': 1}. Best is trial 75 with value: 0.00016164779663085938.
[I 2024-06-30 20:07:21,898] Trial 77 finished with value: 3.75 and parameters: {'lambda': 2.578212774564079e-07, 'alpha': 1.388930468070321e-05, 'colsample_bytree': 0.5, 'subsample': 1.0, 'learning_rate': 0.9741332149193304, 'n_estimators': 939, 'max_depth': 8, 'min_child_weight': 3}. Best is trial 75 with value: 0.00016164779663085938.
[I 2024-06-30 20:07:21,985] Trial 78 finished with value: 0.21748685836791992 and parameters: {'lambda': 6.039716267296792e-07, 'alpha': 1.0219338099157258e-05, 'colsample_bytree': 0.4, 'subsample': 0.5, 'learning_rate': 0.5298386326379165, 'n_estimators': 976, 'max_depth': 7, 'min_child_weight': 2}. Best is trial 75 with value: 0.00016164779663085938.
[I 2024-06-30 20:07:22,048] Trial 79 finished with value: 0.0004038810729980469 and parameters: {'lambda': 0.00019935177931284801, 'alpha': 2.150097773889471e-06, 'colsample_bytree': 0.3, 'subsample': 1.0, 'learning_rate': 0.24847469886808407, 'n_estimators': 703, 'max_depth': 7, 'min_child_weight': 2}. Best is trial 75 with value: 0.00016164779663085938.
[I 2024-06-30 20:07:22,113] Trial 80 finished with value: 3.75 and parameters: {'lambda': 0.00020791713752647402, 'alpha': 3.6145797390625068e-06, 'colsample_bytree': 0.3, 'subsample': 1.0, 'learning_rate': 0.26006947444353545, 'n_estimators': 707, 'max_depth': 7, 'min_child_weight': 6}. Best is trial 75 with value: 0.00016164779663085938.
[I 2024-06-30 20:07:22,187] Trial 81 finished with value: 0.0004801750183105469 and parameters: {'lambda': 0.0006265767326847105, 'alpha': 1.2643528537222532e-06, 'colsample_bytree': 0.3, 'subsample': 1.0, 'learning_rate': 0.1235575915558501, 'n_estimators': 899, 'max_depth': 7, 'min_child_weight': 2}. Best is trial 75 with value: 0.00016164779663085938.
[I 2024-06-30 20:07:22,270] Trial 82 finished with value: 0.0002231597900390625 and parameters: {'lambda': 0.000531599233377414, 'alpha': 1.8758337914392168e-06, 'colsample_bytree': 0.3, 'subsample': 1.0, 'learning_rate': 0.5873529669833906, 'n_estimators': 610, 'max_depth': 8, 'min_child_weight': 2}. Best is trial 75 with value: 0.00016164779663085938.
[I 2024-06-30 20:07:22,335] Trial 83 finished with value: 2.9998745918273926 and parameters: {'lambda': 0.0007572081314591767, 'alpha': 3.7909850439875475e-06, 'colsample_bytree': 0.3, 'subsample': 1.0, 'learning_rate': 0.6974346064275144, 'n_estimators': 619, 'max_depth': 9, 'min_child_weight': 1}. Best is trial 75 with value: 0.00016164779663085938.
[I 2024-06-30 20:07:22,397] Trial 84 finished with value: 3.75 and parameters: {'lambda': 0.00022629663258185099, 'alpha': 1.5129577909668927e-06, 'colsample_bytree': 0.3, 'subsample': 1.0, 'learning_rate': 0.15458877071652255, 'n_estimators': 651, 'max_depth': 8, 'min_child_weight': 3}. Best is trial 75 with value: 0.00016164779663085938.
[I 2024-06-30 20:07:22,458] Trial 85 finished with value: 0.00025272369384765625 and parameters: {'lambda': 0.001982750718787987, 'alpha': 5.421749103157277e-07, 'colsample_bytree': 0.3, 'subsample': 1.0, 'learning_rate': 0.522874667980956, 'n_estimators': 598, 'max_depth': 8, 'min_child_weight': 2}. Best is trial 75 with value: 0.00016164779663085938.
[I 2024-06-30 20:07:22,523] Trial 86 finished with value: 1.4821500778198242 and parameters: {'lambda': 0.002730054775575234, 'alpha': 3.421887827683387e-07, 'colsample_bytree': 0.3, 'subsample': 0.6, 'learning_rate': 0.5471524191674251, 'n_estimators': 597, 'max_depth': 8, 'min_child_weight': 2}. Best is trial 75 with value: 0.00016164779663085938.
[I 2024-06-30 20:07:22,580] Trial 87 finished with value: 2.9998297691345215 and parameters: {'lambda': 0.0011472159578787059, 'alpha': 6.47028708018356e-08, 'colsample_bytree': 0.3, 'subsample': 1.0, 'learning_rate': 0.9302407187994362, 'n_estimators': 561, 'max_depth': 8, 'min_child_weight': 1}. Best is trial 75 with value: 0.00016164779663085938.
[I 2024-06-30 20:07:22,632] Trial 88 finished with value: 3.428731918334961 and parameters: {'lambda': 0.015647620785427644, 'alpha': 4.961248297690016e-07, 'colsample_bytree': 0.7, 'subsample': 0.7, 'learning_rate': 0.2540288066018987, 'n_estimators': 498, 'max_depth': 9, 'min_child_weight': 3}. Best is trial 75 with value: 0.00016164779663085938.
[I 2024-06-30 20:07:22,707] Trial 89 finished with value: 3.75 and parameters: {'lambda': 0.006584118772432663, 'alpha': 1.5280736794024893e-06, 'colsample_bytree': 0.3, 'subsample': 1.0, 'learning_rate': 5.204425499115026e-08, 'n_estimators': 523, 'max_depth': 7, 'min_child_weight': 2}. Best is trial 75 with value: 0.00016164779663085938.
[I 2024-06-30 20:07:22,772] Trial 90 finished with value: 2.9993529319763184 and parameters: {'lambda': 0.00042428204070143723, 'alpha': 1.6433653124896682e-07, 'colsample_bytree': 0.3, 'subsample': 1.0, 'learning_rate': 0.48382690747923235, 'n_estimators': 647, 'max_depth': 7, 'min_child_weight': 1}. Best is trial 75 with value: 0.00016164779663085938.
[I 2024-06-30 20:07:22,834] Trial 91 finished with value: 0.00044345855712890625 and parameters: {'lambda': 0.0006901805914439161, 'alpha': 9.006873940915027e-07, 'colsample_bytree': 0.3, 'subsample': 1.0, 'learning_rate': 0.12994453083561872, 'n_estimators': 587, 'max_depth': 8, 'min_child_weight': 2}. Best is trial 75 with value: 0.00016164779663085938.
[I 2024-06-30 20:07:22,895] Trial 92 finished with value: 0.0004763603210449219 and parameters: {'lambda': 0.0008423242151757331, 'alpha': 8.100591180915401e-07, 'colsample_bytree': 0.3, 'subsample': 1.0, 'learning_rate': 0.2919452176971695, 'n_estimators': 602, 'max_depth': 8, 'min_child_weight': 2}. Best is trial 75 with value: 0.00016164779663085938.
[I 2024-06-30 20:07:22,949] Trial 93 finished with value: 0.0003981590270996094 and parameters: {'lambda': 0.0008307061297317719, 'alpha': 9.377122022319644e-07, 'colsample_bytree': 0.3, 'subsample': 1.0, 'learning_rate': 0.24229609439639327, 'n_estimators': 592, 'max_depth': 8, 'min_child_weight': 2}. Best is trial 75 with value: 0.00016164779663085938.
[I 2024-06-30 20:07:23,011] Trial 94 finished with value: 0.000385284423828125 and parameters: {'lambda': 0.0014288518320848772, 'alpha': 8.659704135320748e-07, 'colsample_bytree': 0.3, 'subsample': 1.0, 'learning_rate': 0.2496801410742194, 'n_estimators': 591, 'max_depth': 8, 'min_child_weight': 2}. Best is trial 75 with value: 0.00016164779663085938.
[I 2024-06-30 20:07:23,076] Trial 95 finished with value: 3.75 and parameters: {'lambda': 0.0014698586765229823, 'alpha': 6.974462066813908e-07, 'colsample_bytree': 0.3, 'subsample': 1.0, 'learning_rate': 0.24042488892854696, 'n_estimators': 586, 'max_depth': 8, 'min_child_weight': 3}. Best is trial 75 with value: 0.00016164779663085938.
[I 2024-06-30 20:07:23,133] Trial 96 finished with value: 0.00026416778564453125 and parameters: {'lambda': 0.003549962719716885, 'alpha': 2.140200875672299e-06, 'colsample_bytree': 0.3, 'subsample': 1.0, 'learning_rate': 0.5818910345982816, 'n_estimators': 528, 'max_depth': 8, 'min_child_weight': 2}. Best is trial 75 with value: 0.00016164779663085938.
[I 2024-06-30 20:07:23,189] Trial 97 finished with value: 0.00013589859008789062 and parameters: {'lambda': 0.0036432712890952885, 'alpha': 8.607596289842398e-07, 'colsample_bytree': 0.5, 'subsample': 1.0, 'learning_rate': 0.9686860105270193, 'n_estimators': 531, 'max_depth': 8, 'min_child_weight': 2}. Best is trial 97 with value: 0.00013589859008789062.
[I 2024-06-30 20:07:23,242] Trial 98 finished with value: 3.7222375869750977 and parameters: {'lambda': 0.003927940108986055, 'alpha': 2.5260430430728245e-06, 'colsample_bytree': 0.5, 'subsample': 0.8, 'learning_rate': 0.6373222896888983, 'n_estimators': 532, 'max_depth': 8, 'min_child_weight': 3}. Best is trial 97 with value: 0.00013589859008789062.
