[I 2024-06-30 20:07:03,987] Trial 81 finished with value: 0.42479515075683594 and parameters: {'lambda': 1.89615289115106e-05, 'alpha': 2.3646900711325878e-05, 'colsample_bytree': 0.3, 'subsample': 0.7, 'learning_rate': 0.5257231335892997, 'n_estimators': 759, 'max_depth': 4, 'min_child_weight': 2}. Best is trial 74 with value: 0.41284894943237305.
[I 2024-06-30 20:07:04,056] Trial 82 finished with value: 0.30464649200439453 and parameters: {'lambda': 2.158451110563283e-05, 'alpha': 1.8675996352979965e-05, 'colsample_bytree': 0.3, 'subsample': 0.7, 'learning_rate': 0.5409767567064476, 'n_estimators': 656, 'max_depth': 4, 'min_child_weight': 2}. Best is trial 82 with value: 0.30464649200439453.
[I 2024-06-30 20:07:04,127] Trial 83 finished with value: 0.05893135070800781 and parameters: {'lambda': 2.7813191518930837e-05, 'alpha': 2.0188470400821703e-05, 'colsample_bytree': 0.3, 'subsample': 0.7, 'learning_rate': 0.5562928903723364, 'n_estimators': 658, 'max_depth': 4, 'min_child_weight': 2}. Best is trial 83 with value: 0.05893135070800781.
[I 2024-06-30 20:07:04,188] Trial 84 finished with value: 3.7146148681640625 and parameters: {'lambda': 2.5410428931603607e-05, 'alpha': 1.7245656359133296e-05, 'colsample_bytree': 0.3, 'subsample': 0.7, 'learning_rate': 0.5475617817156294, 'n_estimators': 571, 'max_depth': 4, 'min_child_weight': 3}. Best is trial 83 with value: 0.05893135070800781.
[I 2024-06-30 20:07:04,250] Trial 85 finished with value: 0.9763126373291016 and parameters: {'lambda': 3.6076757298824484e-06, 'alpha': 2.419580413751415e-05, 'colsample_bytree': 0.3, 'subsample': 0.7, 'learning_rate': 0.976247890915581, 'n_estimators': 646, 'max_depth': 4, 'min_child_weight': 2}. Best is trial 83 with value: 0.05893135070800781.
[I 2024-06-30 20:07:04,308] Trial 86 finished with value: 2.9993295669555664 and parameters: {'lambda': 1.8296662611822503e-05, 'alpha': 1.0005020636848138e-05, 'colsample_bytree': 0.3, 'subsample': 0.7, 'learning_rate': 0.3313570759387213, 'n_estimators': 597, 'max_depth': 4, 'min_child_weight': 1}. Best is trial 83 with value: 0.05893135070800781.
[I 2024-06-30 20:07:04,372] Trial 87 finished with value: 3.3373947143554688 and parameters: {'lambda': 4.7407015958983235e-05, 'alpha': 4.681167332605945e-05, 'colsample_bytree': 0.3, 'subsample': 0.7, 'learning_rate': 0.4983997613463886, 'n_estimators': 674, 'max_depth': 9, 'min_child_weight': 3}. Best is trial 83 with value: 0.05893135070800781.
[I 2024-06-30 20:07:04,437] Trial 88 finished with value: 0.32525634765625 and parameters: {'lambda': 1.0108227144081622e-06, 'alpha': 0.0001087265909319559, 'colsample_bytree': 0.3, 'subsample': 0.7, 'learning_rate': 0.23536870370557955, 'n_estimators': 758, 'max_depth': 4, 'min_child_weight': 2}. Best is trial 83 with value: 0.05893135070800781.
[I 2024-06-30 20:07:04,499] Trial 89 finished with value: 0.5761651992797852 and parameters: {'lambda': 6.648400463780038e-07, 'alpha': 5.613801558669255e-06, 'colsample_bytree': 0.3, 'subsample': 0.7, 'learning_rate': 0.2207986656376847, 'n_estimators': 550, 'max_depth': 4, 'min_child_weight': 2}. Best is trial 83 with value: 0.05893135070800781.
[I 2024-06-30 20:07:04,556] Trial 90 finished with value: 2.999509811401367 and parameters: {'lambda': 8.810322744386516e-07, 'alpha': 5.776776849545174e-06, 'colsample_bytree': 0.3, 'subsample': 0.7, 'learning_rate': 0.2550345796849588, 'n_estimators': 540, 'max_depth': 4, 'min_child_weight': 1}. Best is trial 83 with value: 0.05893135070800781.
[I 2024-06-30 20:07:04,618] Trial 91 finished with value: 0.6124844551086426 and parameters: {'lambda': 2.789326811108829e-07, 'alpha': 7.810839326695503e-05, 'colsample_bytree': 0.3, 'subsample': 0.7, 'learning_rate': 0.18203923690043183, 'n_estimators': 623, 'max_depth': 4, 'min_child_weight': 2}. Best is trial 83 with value: 0.05893135070800781.
[I 2024-06-30 20:07:04,680] Trial 92 finished with value: 0.6717123985290527 and parameters: {'lambda': 4.521440885399216e-06, 'alpha': 2.09182187218195e-05, 'colsample_bytree': 0.3, 'subsample': 0.7, 'learning_rate': 0.6265470797429139, 'n_estimators': 664, 'max_depth': 4, 'min_child_weight': 2}. Best is trial 83 with value: 0.05893135070800781.
[I 2024-06-30 20:07:04,751] Trial 93 finished with value: 0.23113346099853516 and parameters: {'lambda': 1.740922995957108e-06, 'alpha': 1.4158133732837833e-05, 'colsample_bytree': 0.3, 'subsample': 0.7, 'learning_rate': 0.2978896001596194, 'n_estimators': 691, 'max_depth': 4, 'min_child_weight': 2}. Best is trial 83 with value: 0.05893135070800781.
[I 2024-06-30 20:07:04,807] Trial 94 finished with value: 3.910938262939453 and parameters: {'lambda': 6.844044720227684e-07, 'alpha': 4.8463116324045255e-06, 'colsample_bytree': 0.3, 'subsample': 0.7, 'learning_rate': 0.3635433382389462, 'n_estimators': 554, 'max_depth': 4, 'min_child_weight': 3}. Best is trial 83 with value: 0.05893135070800781.
[I 2024-06-30 20:07:04,859] Trial 95 finished with value: 7.009506225585938e-05 and parameters: {'lambda': 1.696792912170462e-06, 'alpha': 0.00012207107644874248, 'colsample_bytree': 0.3, 'subsample': 1.0, 'learning_rate': 0.986660234755642, 'n_estimators': 478, 'max_depth': 4, 'min_child_weight': 2}. Best is trial 95 with value: 7.009506225585938e-05.
[I 2024-06-30 20:07:04,911] Trial 96 finished with value: 0.000362396240234375 and parameters: {'lambda': 1.9831312469225296e-06, 'alpha': 7.013749338525242e-05, 'colsample_bytree': 0.5, 'subsample': 1.0, 'learning_rate': 0.7368876336372445, 'n_estimators': 496, 'max_depth': 4, 'min_child_weight': 2}. Best is trial 95 with value: 7.009506225585938e-05.
[I 2024-06-30 20:07:04,957] Trial 97 finished with value: 2.999196767807007 and parameters: {'lambda': 1.947938677429076e-06, 'alpha': 0.000144683793256952, 'colsample_bytree': 0.5, 'subsample': 1.0, 'learning_rate': 0.8422931041238698, 'n_estimators': 421, 'max_depth': 4, 'min_child_weight': 1}. Best is trial 95 with value: 7.009506225585938e-05.
[I 2024-06-30 20:07:05,010] Trial 98 finished with value: 3.75 and parameters: {'lambda': 8.77776607281919e-06, 'alpha': 3.199663909725895e-05, 'colsample_bytree': 0.5, 'subsample': 1.0, 'learning_rate': 0.9915419571480865, 'n_estimators': 467, 'max_depth': 4, 'min_child_weight': 3}. Best is trial 95 with value: 7.009506225585938e-05.
[I 2024-06-30 20:07:05,060] Trial 99 finished with value: 0.0004830360412597656 and parameters: {'lambda': 6.906512479768481e-08, 'alpha': 6.646671122136418e-05, 'colsample_bytree': 0.5, 'subsample': 1.0, 'learning_rate': 0.3944311903549758, 'n_estimators': 464, 'max_depth': 4, 'min_child_weight': 2}. Best is trial 95 with value: 7.009506225585938e-05.
________________________ test_xgb_regressor_get_params _________________________

xgb_model = <DiamondModels.XGBRegressorModel object at 0x17507c190>
sample_data =    feature1  feature2  target
0         1         2       3
1         2         4       6
2         3         6       9
3         4         8      12
4         5        10      15

    def test_xgb_regressor_get_params(xgb_model, sample_data):
        X = sample_data[['feature1', 'feature2']]
        y = sample_data['target']
        xgb_model.train(X, y)
>       params = xgb_model.get_params()

tests/test_xgb_regressor_model.py:47: 
_ _ _ _ _ _ _ _ _ _ _ _ _ _ _ _ _ _ _ _ _ _ _ _ _ _ _ _ _ _ _ _ _ _ _ _ _ _ _ _ 

self = <DiamondModels.XGBRegressorModel object at 0x17507c190>

    def get_params(self) -> Dict[str, float]:
        """
        Get the XGBRegressor model parameters.
    
        Returns:
        Dict[str, float]: Model parameters.
        """
        if hasattr(self, 'best_params'):
>           params = {**self.best_params, 'n_estimators': self.model_trained.n_estimators, **self.mae_mse}
E           AttributeError: 'XGBRegressorModel' object has no attribute 'mae_mse'

DiamondModels.py:449: AttributeError
----------------------------- Captured stderr call -----------------------------
[I 2024-06-30 20:07:15,171] A new study created in memory with name: no-name-e9f80828-59ed-4da5-ab4f-d998326b4d0b
[I 2024-06-30 20:07:15,241] Trial 0 finished with value: 3.738567352294922 and parameters: {'lambda': 0.029597776838842668, 'alpha': 2.6222921705663464e-07, 'colsample_bytree': 0.5, 'subsample': 0.8, 'learning_rate': 7.767102436284078e-06, 'n_estimators': 738, 'max_depth': 6, 'min_child_weight': 2}. Best is trial 0 with value: 3.738567352294922.
[I 2024-06-30 20:07:15,268] Trial 1 finished with value: 3.75 and parameters: {'lambda': 0.0021101951637206426, 'alpha': 0.03950596585564746, 'colsample_bytree': 0.7, 'subsample': 0.9, 'learning_rate': 0.0014859815814732777, 'n_estimators': 392, 'max_depth': 3, 'min_child_weight': 5}. Best is trial 0 with value: 3.738567352294922.
[I 2024-06-30 20:07:15,301] Trial 2 finished with value: 3.75 and parameters: {'lambda': 0.008398767184893524, 'alpha': 2.1540042945896473e-06, 'colsample_bytree': 0.4, 'subsample': 0.8, 'learning_rate': 5.181922896150852e-05, 'n_estimators': 422, 'max_depth': 9, 'min_child_weight': 7}. Best is trial 0 with value: 3.738567352294922.
[I 2024-06-30 20:07:15,332] Trial 3 finished with value: 3.75 and parameters: {'lambda': 1.6408844450771692e-08, 'alpha': 5.568550349681934e-06, 'colsample_bytree': 0.3, 'subsample': 0.5, 'learning_rate': 1.9435868170914944e-08, 'n_estimators': 371, 'max_depth': 4, 'min_child_weight': 6}. Best is trial 0 with value: 3.738567352294922.
[I 2024-06-30 20:07:15,345] Trial 4 finished with value: 3.75 and parameters: {'lambda': 1.424541568998758e-06, 'alpha': 5.392651459198585e-05, 'colsample_bytree': 0.5, 'subsample': 1.0, 'learning_rate': 1.598208007883524e-05, 'n_estimators': 160, 'max_depth': 3, 'min_child_weight': 6}. Best is trial 0 with value: 3.738567352294922.
[I 2024-06-30 20:07:15,378] Trial 5 finished with value: 3.75 and parameters: {'lambda': 1.6167880464479184e-06, 'alpha': 0.06883571556922947, 'colsample_bytree': 0.7, 'subsample': 0.5, 'learning_rate': 0.015479521877394981, 'n_estimators': 419, 'max_depth': 4, 'min_child_weight': 10}. Best is trial 0 with value: 3.738567352294922.
[I 2024-06-30 20:07:15,411] Trial 6 finished with value: 3.75 and parameters: {'lambda': 9.318019469189524e-07, 'alpha': 5.1893277613147313e-05, 'colsample_bytree': 0.7, 'subsample': 0.7, 'learning_rate': 0.3002606224188961, 'n_estimators': 486, 'max_depth': 5, 'min_child_weight': 6}. Best is trial 0 with value: 3.738567352294922.
[I 2024-06-30 20:07:15,504] Trial 7 finished with value: 3.75 and parameters: {'lambda': 0.0017751389422107956, 'alpha': 0.23662419101435977, 'colsample_bytree': 0.7, 'subsample': 0.8, 'learning_rate': 7.357883645641853e-08, 'n_estimators': 879, 'max_depth': 5, 'min_child_weight': 6}. Best is trial 0 with value: 3.738567352294922.
[I 2024-06-30 20:07:15,584] Trial 8 finished with value: 3.75 and parameters: {'lambda': 9.796030064136246e-05, 'alpha': 1.0988109377436547e-05, 'colsample_bytree': 0.7, 'subsample': 0.6, 'learning_rate': 0.06600445197711853, 'n_estimators': 977, 'max_depth': 5, 'min_child_weight': 7}. Best is trial 0 with value: 3.738567352294922.
[I 2024-06-30 20:07:15,625] Trial 9 finished with value: 3.75 and parameters: {'lambda': 1.3249678003625815e-05, 'alpha': 2.101768442321076e-05, 'colsample_bytree': 0.3, 'subsample': 0.6, 'learning_rate': 1.3694934289636795e-07, 'n_estimators': 497, 'max_depth': 5, 'min_child_weight': 9}. Best is trial 0 with value: 3.738567352294922.
[I 2024-06-30 20:07:15,749] Trial 10 finished with value: 3.7418479919433594 and parameters: {'lambda': 0.27280788723036203, 'alpha': 1.865642486806273e-08, 'colsample_bytree': 0.5, 'subsample': 0.8, 'learning_rate': 2.5871543913930134e-06, 'n_estimators': 746, 'max_depth': 8, 'min_child_weight': 1}. Best is trial 0 with value: 3.738567352294922.
[I 2024-06-30 20:07:15,852] Trial 11 finished with value: 3.7454280853271484 and parameters: {'lambda': 0.7867543235105114, 'alpha': 1.7315323629275342e-08, 'colsample_bytree': 0.5, 'subsample': 0.8, 'learning_rate': 1.9096009525507793e-06, 'n_estimators': 734, 'max_depth': 8, 'min_child_weight': 1}. Best is trial 0 with value: 3.738567352294922.
[I 2024-06-30 20:07:15,970] Trial 12 finished with value: 3.745551109313965 and parameters: {'lambda': 0.1762424643365527, 'alpha': 1.0307890124810652e-08, 'colsample_bytree': 0.5, 'subsample': 0.8, 'learning_rate': 1.2753489575922377e-06, 'n_estimators': 717, 'max_depth': 7, 'min_child_weight': 1}. Best is trial 0 with value: 3.738567352294922.
[I 2024-06-30 20:07:16,032] Trial 13 finished with value: 3.7904815673828125 and parameters: {'lambda': 0.06339092619047385, 'alpha': 1.2821085814453553e-07, 'colsample_bytree': 0.5, 'subsample': 0.8, 'learning_rate': 0.0002323732208766666, 'n_estimators': 695, 'max_depth': 7, 'min_child_weight': 3}. Best is trial 0 with value: 3.738567352294922.
[I 2024-06-30 20:07:16,086] Trial 14 finished with value: 3.75 and parameters: {'lambda': 0.022712516969280613, 'alpha': 3.3712988201754083e-07, 'colsample_bytree': 0.5, 'subsample': 1.0, 'learning_rate': 3.0986019807292715e-06, 'n_estimators': 628, 'max_depth': 7, 'min_child_weight': 3}. Best is trial 0 with value: 3.738567352294922.
[I 2024-06-30 20:07:16,247] Trial 15 finished with value: 3.7749805450439453 and parameters: {'lambda': 0.8064564317488861, 'alpha': 0.0014068904393149697, 'colsample_bytree': 0.4, 'subsample': 0.9, 'learning_rate': 0.00024075399226278086, 'n_estimators': 836, 'max_depth': 9, 'min_child_weight': 3}. Best is trial 0 with value: 3.738567352294922.
[I 2024-06-30 20:07:16,333] Trial 16 finished with value: 3.7494983673095703 and parameters: {'lambda': 0.0005149728910818308, 'alpha': 2.3199465695650722e-07, 'colsample_bytree': 0.5, 'subsample': 0.7, 'learning_rate': 5.565502286791536e-07, 'n_estimators': 828, 'max_depth': 6, 'min_child_weight': 2}. Best is trial 0 with value: 3.738567352294922.
[I 2024-06-30 20:07:16,396] Trial 17 finished with value: 3.75 and parameters: {'lambda': 0.08493121965048893, 'alpha': 0.0008421971047165771, 'colsample_bytree': 0.5, 'subsample': 0.8, 'learning_rate': 1.0643951128720449e-05, 'n_estimators': 600, 'max_depth': 8, 'min_child_weight': 4}. Best is trial 0 with value: 3.738567352294922.
[I 2024-06-30 20:07:16,547] Trial 18 finished with value: 2.9665451049804688 and parameters: {'lambda': 0.01228602293695315, 'alpha': 8.933504707048624e-07, 'colsample_bytree': 0.5, 'subsample': 0.8, 'learning_rate': 0.0069915093330998905, 'n_estimators': 960, 'max_depth': 6, 'min_child_weight': 1}. Best is trial 18 with value: 2.9665451049804688.
[I 2024-06-30 20:07:16,652] Trial 19 finished with value: 0.5588512420654297 and parameters: {'lambda': 0.000126361403149706, 'alpha': 9.848032015084105e-07, 'colsample_bytree': 0.3, 'subsample': 0.8, 'learning_rate': 0.004566127818584629, 'n_estimators': 999, 'max_depth': 6, 'min_child_weight': 2}. Best is trial 19 with value: 0.5588512420654297.
[I 2024-06-30 20:07:16,739] Trial 20 finished with value: 3.75 and parameters: {'lambda': 6.320023323931785e-05, 'alpha': 1.381152707845652e-06, 'colsample_bytree': 0.3, 'subsample': 0.9, 'learning_rate': 0.004678345078786443, 'n_estimators': 957, 'max_depth': 6, 'min_child_weight': 4}. Best is trial 19 with value: 0.5588512420654297.
[I 2024-06-30 20:07:16,836] Trial 21 finished with value: 2.065073013305664 and parameters: {'lambda': 0.004267873972631814, 'alpha': 6.155253797484976e-07, 'colsample_bytree': 0.3, 'subsample': 0.8, 'learning_rate': 0.0012641886500148868, 'n_estimators': 917, 'max_depth': 6, 'min_child_weight': 2}. Best is trial 19 with value: 0.5588512420654297.
[I 2024-06-30 20:07:16,932] Trial 22 finished with value: 2.1864051818847656 and parameters: {'lambda': 0.0012430131248242528, 'alpha': 0.0006230516073709362, 'colsample_bytree': 0.3, 'subsample': 0.8, 'learning_rate': 0.0011552211844286554, 'n_estimators': 899, 'max_depth': 7, 'min_child_weight': 2}. Best is trial 19 with value: 0.5588512420654297.
[I 2024-06-30 20:07:17,028] Trial 23 finished with value: 2.2361249923706055 and parameters: {'lambda': 0.0004911440027580541, 'alpha': 0.00023720827558128797, 'colsample_bytree': 0.3, 'subsample': 0.8, 'learning_rate': 0.001116900640310134, 'n_estimators': 886, 'max_depth': 7, 'min_child_weight': 2}. Best is trial 19 with value: 0.5588512420654297.
[I 2024-06-30 20:07:17,117] Trial 24 finished with value: 3.75 and parameters: {'lambda': 1.4069575848037913e-05, 'alpha': 0.0037512967705307155, 'colsample_bytree': 0.3, 'subsample': 0.8, 'learning_rate': 0.04724405137599255, 'n_estimators': 1000, 'max_depth': 7, 'min_child_weight': 4}. Best is trial 19 with value: 0.5588512420654297.
[I 2024-06-30 20:07:17,208] Trial 25 finished with value: 1.033820629119873 and parameters: {'lambda': 0.0022971934126648566, 'alpha': 0.00015650491306438397, 'colsample_bytree': 0.3, 'subsample': 1.0, 'learning_rate': 0.001476604149894859, 'n_estimators': 873, 'max_depth': 6, 'min_child_weight': 2}. Best is trial 19 with value: 0.5588512420654297.
[I 2024-06-30 20:07:17,280] Trial 26 finished with value: 3.75 and parameters: {'lambda': 0.005184347680222667, 'alpha': 0.008465663127825354, 'colsample_bytree': 0.3, 'subsample': 1.0, 'learning_rate': 9.687984682476273e-05, 'n_estimators': 825, 'max_depth': 5, 'min_child_weight': 3}. Best is trial 19 with value: 0.5588512420654297.
[I 2024-06-30 20:07:17,308] Trial 27 finished with value: 3.75 and parameters: {'lambda': 0.0002838100089500366, 'alpha': 6.545275036669779e-08, 'colsample_bytree': 0.3, 'subsample': 1.0, 'learning_rate': 0.28484492579198745, 'n_estimators': 223, 'max_depth': 4, 'min_child_weight': 4}. Best is trial 19 with value: 0.5588512420654297.
[I 2024-06-30 20:07:17,397] Trial 28 finished with value: 0.0005578994750976562 and parameters: {'lambda': 1.2972531253099678e-05, 'alpha': 0.0001264609118204621, 'colsample_bytree': 0.3, 'subsample': 1.0, 'learning_rate': 0.032074002125421774, 'n_estimators': 913, 'max_depth': 6, 'min_child_weight': 2}. Best is trial 28 with value: 0.0005578994750976562.
[I 2024-06-30 20:07:17,465] Trial 29 finished with value: 3.75 and parameters: {'lambda': 1.712294745502461e-05, 'alpha': 0.00017652874160905435, 'colsample_bytree': 0.3, 'subsample': 1.0, 'learning_rate': 0.07515140908392381, 'n_estimators': 781, 'max_depth': 6, 'min_child_weight': 5}. Best is trial 28 with value: 0.0005578994750976562.
[I 2024-06-30 20:07:17,521] Trial 30 finished with value: 3.75 and parameters: {'lambda': 3.570489656107168e-07, 'alpha': 3.6818506294677225e-06, 'colsample_bytree': 0.4, 'subsample': 1.0, 'learning_rate': 0.6742031359094061, 'n_estimators': 666, 'max_depth': 6, 'min_child_weight': 3}. Best is trial 28 with value: 0.0005578994750976562.
[I 2024-06-30 20:07:17,628] Trial 31 finished with value: 0.082733154296875 and parameters: {'lambda': 4.923210605556779e-05, 'alpha': 1.515812636524329e-05, 'colsample_bytree': 0.3, 'subsample': 1.0, 'learning_rate': 0.004159716237963796, 'n_estimators': 915, 'max_depth': 6, 'min_child_weight': 2}. Best is trial 28 with value: 0.0005578994750976562.
[I 2024-06-30 20:07:17,723] Trial 32 finished with value: 0.0005116462707519531 and parameters: {'lambda': 5.109317569912709e-06, 'alpha': 2.5261405231309874e-05, 'colsample_bytree': 0.3, 'subsample': 1.0, 'learning_rate': 0.01393359749604724, 'n_estimators': 930, 'max_depth': 5, 'min_child_weight': 2}. Best is trial 32 with value: 0.0005116462707519531.
[I 2024-06-30 20:07:17,841] Trial 33 finished with value: 2.9991183280944824 and parameters: {'lambda': 3.7980050612650144e-05, 'alpha': 2.0885497628302264e-05, 'colsample_bytree': 0.3, 'subsample': 1.0, 'learning_rate': 0.018993826702561636, 'n_estimators': 933, 'max_depth': 5, 'min_child_weight': 1}. Best is trial 32 with value: 0.0005116462707519531.
[I 2024-06-30 20:07:17,935] Trial 34 finished with value: 0.07554149627685547 and parameters: {'lambda': 1.1917357188523283e-07, 'alpha': 5.909832243002859e-06, 'colsample_bytree': 0.3, 'subsample': 1.0, 'learning_rate': 0.004773943279019122, 'n_estimators': 816, 'max_depth': 4, 'min_child_weight': 2}. Best is trial 32 with value: 0.0005116462707519531.
[I 2024-06-30 20:07:18,005] Trial 35 finished with value: 3.75 and parameters: {'lambda': 1.1335093278937087e-08, 'alpha': 6.781306595727889e-06, 'colsample_bytree': 0.3, 'subsample': 1.0, 'learning_rate': 0.017810097360861626, 'n_estimators': 783, 'max_depth': 3, 'min_child_weight': 3}. Best is trial 32 with value: 0.0005116462707519531.
[I 2024-06-30 20:07:18,078] Trial 36 finished with value: 3.75 and parameters: {'lambda': 7.123350762265093e-08, 'alpha': 6.221610032706174e-05, 'colsample_bytree': 0.3, 'subsample': 1.0, 'learning_rate': 0.2031346445514978, 'n_estimators': 804, 'max_depth': 4, 'min_child_weight': 8}. Best is trial 32 with value: 0.0005116462707519531.
[I 2024-06-30 20:07:18,113] Trial 37 finished with value: 3.75 and parameters: {'lambda': 4.011181351821178e-06, 'alpha': 1.8255084066235825e-05, 'colsample_bytree': 0.4, 'subsample': 0.5, 'learning_rate': 0.00034483304841967214, 'n_estimators': 333, 'max_depth': 4, 'min_child_weight': 5}. Best is trial 32 with value: 0.0005116462707519531.
[I 2024-06-30 20:07:18,279] Trial 38 finished with value: 2.970193862915039 and parameters: {'lambda': 1.9273480140945835e-07, 'alpha': 3.0921010182081318e-06, 'colsample_bytree': 0.3, 'subsample': 1.0, 'learning_rate': 0.0063075393493200755, 'n_estimators': 857, 'max_depth': 3, 'min_child_weight': 1}. Best is trial 32 with value: 0.0005116462707519531.
[I 2024-06-30 20:07:18,481] Trial 39 finished with value: 0.0005040168762207031 and parameters: {'lambda': 3.9850234489386306e-06, 'alpha': 3.764779153160211e-05, 'colsample_bytree': 0.3, 'subsample': 1.0, 'learning_rate': 0.03517598993507964, 'n_estimators': 924, 'max_depth': 4, 'min_child_weight': 2}. Best is trial 39 with value: 0.0005040168762207031.
