============================= test session starts ==============================
platform darwin -- Python 3.11.9, pytest-7.4.0, pluggy-1.0.0
rootdir: /Users/carlopiccinin/Desktop/side projects/xtream-ai/xtream-ai-assignment-developer
plugins: anyio-3.5.0, time-machine-2.14.1
collected 39 items

tests/test_MLP_model.py ....FF.                                          [ 17%]
tests/test_base_models.py ...                                            [ 25%]
tests/test_diamond_model.py ....FF...F......                             [ 66%]
tests/test_linear_regression.py ......                                   [ 82%]
tests/test_xgb_regressor_model.py ..F.F..                                [100%]

=================================== FAILURES ===================================
_____________________________ test_mlp_get_params ______________________________

mlp_model = <DiamondModels.MLPModel object at 0x165389110>
sample_data =    feature1  feature2  target
0         1         2       3
1         2         4       6
2         3         6       9
3         4         8      12
4         5        10      15

    def test_mlp_get_params(mlp_model, sample_data):
        X = sample_data[['feature1', 'feature2']]
        y = sample_data['target']
        mlp_model.train(X, y, epochs=10)
>       params = mlp_model.get_params()

tests/test_MLP_model.py:49: 
_ _ _ _ _ _ _ _ _ _ _ _ _ _ _ _ _ _ _ _ _ _ _ _ _ _ _ _ _ _ _ _ _ _ _ _ _ _ _ _ 

self = <DiamondModels.MLPModel object at 0x165389110>

    def get_params(self) -> Dict[str, float]:
        """
        Get the MLP model parameters.
    
        Returns:
        Dict[str, float]: Model parameters.
        """
>       params = {"hidden_units": self.model.input_layer.out_features,
                  "learning_rate": self.lr, **self.mae_mse}
E       TypeError: 'NoneType' object is not a mapping

DiamondModels.py:359: TypeError
______________________________ test_mlp_save_load ______________________________

mlp_model = <DiamondModels.MLPModel object at 0x1668d8790>
sample_data =    feature1  feature2  target
0         1         2       3
1         2         4       6
2         3         6       9
3         4         8      12
4         5        10      15
tmp_path = PosixPath('/private/var/folders/p8/93vsd8lj4sx0j8xxdgwj_gmr0000gn/T/pytest-of-carlopiccinin/pytest-0/test_mlp_save_load0')

    def test_mlp_save_load(mlp_model, sample_data, tmp_path):
        X = sample_data[['feature1', 'feature2']]
        y = sample_data['target']
        mlp_model.train(X, y, epochs=10)
    
        save_path = tmp_path / "mlp_model.pkl"
        mlp_model.save(str(save_path))
    
        loaded_model = MLPModel(input_dim=2)
>       loaded_model.load(str(save_path))

tests/test_MLP_model.py:62: 
_ _ _ _ _ _ _ _ _ _ _ _ _ _ _ _ _ _ _ _ _ _ _ _ _ _ _ _ _ _ _ _ _ _ _ _ _ _ _ _ 
DiamondModels.py:330: in load
    self.model.load_state_dict(torch.load(path))
_ _ _ _ _ _ _ _ _ _ _ _ _ _ _ _ _ _ _ _ _ _ _ _ _ _ _ _ _ _ _ _ _ _ _ _ _ _ _ _ 

self = MLP(
  (input_layer): Linear(in_features=19, out_features=128, bias=True)
  (hidden_layers): ModuleList(
    (0-4): 5 ...n_features=128, out_features=128, bias=True)
  )
  (output_layer): Linear(in_features=128, out_features=1, bias=True)
)
state_dict = OrderedDict([('input_layer.weight', tensor([[-0.3510, -0.5083],
        [-0.5410,  0.2597],
        [-0.1203,  0.5730]...   0.0437,  0.0297,  0.0697,  0.0227,  0.0298,  0.0712,  0.0876, -0.0105]])), ('output_layer.bias', tensor([0.0284]))])
strict = True, assign = False

    def load_state_dict(self, state_dict: Mapping[str, Any],
                        strict: bool = True, assign: bool = False):
        r"""Copy parameters and buffers from :attr:`state_dict` into this module and its descendants.
    
        If :attr:`strict` is ``True``, then
        the keys of :attr:`state_dict` must exactly match the keys returned
        by this module's :meth:`~torch.nn.Module.state_dict` function.
    
        .. warning::
            If :attr:`assign` is ``True`` the optimizer must be created after
            the call to :attr:`load_state_dict` unless
            :func:`~torch.__future__.get_swap_module_params_on_conversion` is ``True``.
    
        Args:
            state_dict (dict): a dict containing parameters and
                persistent buffers.
            strict (bool, optional): whether to strictly enforce that the keys
                in :attr:`state_dict` match the keys returned by this module's
                :meth:`~torch.nn.Module.state_dict` function. Default: ``True``
            assign (bool, optional): When ``False``, the properties of the tensors
                in the current module are preserved while when ``True``, the
                properties of the Tensors in the state dict are preserved. The only
                exception is the ``requires_grad`` field of :class:`~torch.nn.Parameter`s
                for which the value from the module is preserved.
                Default: ``False``
    
        Returns:
            ``NamedTuple`` with ``missing_keys`` and ``unexpected_keys`` fields:
                * **missing_keys** is a list of str containing the missing keys
                * **unexpected_keys** is a list of str containing the unexpected keys
    
        Note:
            If a parameter or buffer is registered as ``None`` and its corresponding key
            exists in :attr:`state_dict`, :meth:`load_state_dict` will raise a
            ``RuntimeError``.
        """
        if not isinstance(state_dict, Mapping):
            raise TypeError(f"Expected state_dict to be dict-like, got {type(state_dict)}.")
    
        missing_keys: List[str] = []
        unexpected_keys: List[str] = []
        error_msgs: List[str] = []
    
        # copy state_dict so _load_from_state_dict can modify it
        metadata = getattr(state_dict, '_metadata', None)
        state_dict = OrderedDict(state_dict)
        if metadata is not None:
            # mypy isn't aware that "_metadata" exists in state_dict
            state_dict._metadata = metadata  # type: ignore[attr-defined]
    
        def load(module, local_state_dict, prefix=''):
            local_metadata = {} if metadata is None else metadata.get(prefix[:-1], {})
            if assign:
                local_metadata['assign_to_params_buffers'] = assign
            module._load_from_state_dict(
                local_state_dict, prefix, local_metadata, True, missing_keys, unexpected_keys, error_msgs)
            for name, child in module._modules.items():
                if child is not None:
                    child_prefix = prefix + name + '.'
                    child_state_dict = {k: v for k, v in local_state_dict.items() if k.startswith(child_prefix)}
                    load(child, child_state_dict, child_prefix)  # noqa: F821
    
            # Note that the hook can modify missing_keys and unexpected_keys.
            incompatible_keys = _IncompatibleKeys(missing_keys, unexpected_keys)
            for hook in module._load_state_dict_post_hooks.values():
                out = hook(module, incompatible_keys)
                assert out is None, (
                    "Hooks registered with ``register_load_state_dict_post_hook`` are not"
                    "expected to return new values, if incompatible_keys need to be modified,"
                    "it should be done inplace."
                )
    
        load(self, state_dict)
        del load
    
        if strict:
            if len(unexpected_keys) > 0:
                error_msgs.insert(
                    0, 'Unexpected key(s) in state_dict: {}. '.format(
                        ', '.join(f'"{k}"' for k in unexpected_keys)))
            if len(missing_keys) > 0:
                error_msgs.insert(
                    0, 'Missing key(s) in state_dict: {}. '.format(
                        ', '.join(f'"{k}"' for k in missing_keys)))
    
        if len(error_msgs) > 0:
>           raise RuntimeError('Error(s) in loading state_dict for {}:\n\t{}'.format(
                               self.__class__.__name__, "\n\t".join(error_msgs)))
E           RuntimeError: Error(s) in loading state_dict for MLP:
E           	size mismatch for input_layer.weight: copying a param with shape torch.Size([128, 2]) from checkpoint, the shape in current model is torch.Size([128, 19]).

../../../../anaconda3/lib/python3.11/site-packages/torch/nn/modules/module.py:2189: RuntimeError
___________________________ test_get_similar_samples ___________________________

diamond_model = <DiamondModels.DiamondModel object at 0x1681f7950>

    def test_get_similar_samples(diamond_model):
        similar_samples = diamond_model.get_similar_samples(carat=0.23, cut='Ideal', color='E', clarity='SI2', n=2)
        assert isinstance(similar_samples, pd.DataFrame)
>       assert len(similar_samples) == 2
E       assert 1 == 2
E        +  where 1 = len(   carat    cut color clarity  depth  table  price     x     y     z\n0   0.23  Ideal     E     SI2   61.5   55.0    326  3.95  3.98  2.43)

tests/test_diamond_model.py:66: AssertionError
_______________________ test_prepare_data_for_prediction _______________________

sample_data =    carat      cut color clarity  depth  table  price     x     y     z
0   0.23    Ideal     E     SI2   61.5   55.0  ...I     VS2   62.4   58.0    334  4.20  4.23  2.63
4   0.31     Good     J     SI2   63.3   58.0    335  4.34  4.35  2.75

    def test_prepare_data_for_prediction(sample_data):
        model = DiamondModel(datas=sample_data, model='LinearRegression')
        model.clean_data()
        model.train_model()
    
        new_data = pd.DataFrame({
            'carat': [0.25],
            'cut': ['Ideal'],
            'color': ['E'],
            'clarity': ['VS2']
        })
    
>       prepared_data = DiamondModel.prepare_data_for_prediction(model.datas_dummies, new_data)

tests/test_diamond_model.py:83: 
_ _ _ _ _ _ _ _ _ _ _ _ _ _ _ _ _ _ _ _ _ _ _ _ _ _ _ _ _ _ _ _ _ _ _ _ _ _ _ _ 

data_blueprint =    carat     x  cut_Ideal  ...  clarity_SI2  clarity_VS1  clarity_VS2
0   0.23  3.95        1.0  ...          1.0     ...0          0.0          1.0
4   0.31  4.34        0.0  ...          1.0          0.0          0.0

[5 rows x 9 columns]
data_to_predict =    carat    cut color clarity
0   0.25  Ideal     E     VS2
target_column = 'price'

    @staticmethod
    def prepare_data_for_prediction(data_blueprint: pd.DataFrame, data_to_predict: pd.DataFrame, target_column: str = "price") -> pd.DataFrame:
        """
        Prepares the data to be predicted by ensuring it has the same columns as the training data.
    
        Params:
        data_blueprint (pd.DataFrame): The dataframe blueprint with the expected columns.
        data_to_predict (pd.DataFrame): The new data to prepare for prediction.
        target_column (str): The target column to exclude from prediction data.
    
        Returns:
        pd.DataFrame: The prepared dataframe with the same columns as the blueprint.
        """
        ## Check if the target column is in the data blueprint
        if target_column in data_blueprint.columns:
            data_blueprint = data_blueprint.drop(columns=[target_column])
        ## Check if the columns are the same,if they are the same, return the data_to_predict
        if list(data_to_predict.columns) == list(data_blueprint.columns):
            return data_to_predict
    
        blueprint_columns = set(col.split('_')[0] for col in data_blueprint.columns)
        data_columns = set(data_to_predict.columns)
        missing_columns = blueprint_columns - data_columns
        if missing_columns:
            print(data_columns)
            print("#"*100)
>           raise ValueError(f"Missing columns in the data you want to predict: {missing_columns}")
E           ValueError: Missing columns in the data you want to predict: {'x'}

DiamondModels.py:648: ValueError
----------------------------- Captured stdout call -----------------------------
{'carat', 'color', 'clarity', 'cut'}
####################################################################################################
__________________________ test_different_models[MLP] __________________________

sample_data =    carat      cut color clarity  depth  table  price     x     y     z
0   0.23    Ideal     E     SI2   61.5   55.0  ...I     VS2   62.4   58.0    334  4.20  4.23  2.63
4   0.31     Good     J     SI2   63.3   58.0    335  4.34  4.35  2.75
model_name = 'MLP'

    @pytest.mark.parametrize("model_name", ["LinearRegression", "XGBRegressor", "MLP"])
    def test_different_models(sample_data, model_name):
        model = DiamondModel(datas=sample_data, model=model_name)
        model.clean_data()
>       mae_mse = model.train_model()

tests/test_diamond_model.py:101: 
_ _ _ _ _ _ _ _ _ _ _ _ _ _ _ _ _ _ _ _ _ _ _ _ _ _ _ _ _ _ _ _ _ _ _ _ _ _ _ _ 
DiamondModels.py:827: in train_model
    self.model.train(X_train=X_train, y_train=y_train)
DiamondModels.py:283: in train
    y_pred = self.model_trained(X_train)
../../../../anaconda3/lib/python3.11/site-packages/torch/nn/modules/module.py:1532: in _wrapped_call_impl
    return self._call_impl(*args, **kwargs)
../../../../anaconda3/lib/python3.11/site-packages/torch/nn/modules/module.py:1541: in _call_impl
    return forward_call(*args, **kwargs)
DiamondModels.py:229: in forward
    x = torch.relu(self.input_layer(x))
../../../../anaconda3/lib/python3.11/site-packages/torch/nn/modules/module.py:1532: in _wrapped_call_impl
    return self._call_impl(*args, **kwargs)
../../../../anaconda3/lib/python3.11/site-packages/torch/nn/modules/module.py:1541: in _call_impl
    return forward_call(*args, **kwargs)
_ _ _ _ _ _ _ _ _ _ _ _ _ _ _ _ _ _ _ _ _ _ _ _ _ _ _ _ _ _ _ _ _ _ _ _ _ _ _ _ 

self = Linear(in_features=19, out_features=128, bias=True)
input = tensor([[0.3100, 4.3400, 0.0000, 0.0000, 0.0000, 1.0000, 1.0000, 0.0000, 0.0000],
        [0.2300, 4.0500, 0.0000, 0.0...00, 0.0000, 1.0000, 0.0000, 0.0000],
        [0.2900, 4.2000, 0.0000, 1.0000, 1.0000, 0.0000, 0.0000, 0.0000, 1.0000]])

    def forward(self, input: Tensor) -> Tensor:
>       return F.linear(input, self.weight, self.bias)
E       RuntimeError: mat1 and mat2 shapes cannot be multiplied (4x9 and 19x128)

../../../../anaconda3/lib/python3.11/site-packages/torch/nn/modules/linear.py:116: RuntimeError
__________________________ test_xgb_regressor_predict __________________________

xgb_model = <DiamondModels.XGBRegressorModel object at 0x1754a5610>
sample_data =    feature1  feature2  target
0         1         2       3
1         2         4       6
2         3         6       9
3         4         8      12
4         5        10      15

    def test_xgb_regressor_predict(xgb_model, sample_data):
        X = sample_data[['feature1', 'feature2']]
        y = sample_data['target']
        xgb_model.train(X, y)
        predictions = xgb_model.predict(X)
        assert len(predictions) == len(y)
>       assert isinstance(predictions, pd.Series)
E       AssertionError: assert False
E        +  where False = isinstance(array([ 4.4995427,  4.4995427,  9.001052 , 13.499931 , 13.499931 ],\n      dtype=float32), <class 'pandas.core.series.Series'>)
E        +    where <class 'pandas.core.series.Series'> = pd.Series

tests/test_xgb_regressor_model.py:33: AssertionError
----------------------------- Captured stderr call -----------------------------
[I 2024-06-30 20:06:56,998] A new study created in memory with name: no-name-588e9db6-5daf-43ed-a9c9-a337e87492a1
[I 2024-06-30 20:06:57,084] Trial 0 finished with value: 3.75 and parameters: {'lambda': 1.368469468093869e-07, 'alpha': 0.5526359848511877, 'colsample_bytree': 0.4, 'subsample': 0.9, 'learning_rate': 0.7477120523037187, 'n_estimators': 506, 'max_depth': 4, 'min_child_weight': 6}. Best is trial 0 with value: 3.75.
[I 2024-06-30 20:06:57,151] Trial 1 finished with value: 3.7495059967041016 and parameters: {'lambda': 1.8651367738061925e-07, 'alpha': 2.757089003231057e-06, 'colsample_bytree': 0.3, 'subsample': 0.9, 'learning_rate': 8.013926593152583e-07, 'n_estimators': 255, 'max_depth': 3, 'min_child_weight': 2}. Best is trial 1 with value: 3.7495059967041016.
[I 2024-06-30 20:06:57,203] Trial 2 finished with value: 3.75 and parameters: {'lambda': 0.04918408955366978, 'alpha': 2.203446838139434e-08, 'colsample_bytree': 0.3, 'subsample': 0.5, 'learning_rate': 1.3216101213948566e-06, 'n_estimators': 274, 'max_depth': 7, 'min_child_weight': 9}. Best is trial 1 with value: 3.7495059967041016.
[I 2024-06-30 20:06:57,296] Trial 3 finished with value: 3.75 and parameters: {'lambda': 3.413388067258159e-08, 'alpha': 4.293114638506285e-08, 'colsample_bytree': 0.7, 'subsample': 1.0, 'learning_rate': 0.11884100789805384, 'n_estimators': 568, 'max_depth': 6, 'min_child_weight': 6}. Best is trial 1 with value: 3.7495059967041016.
[I 2024-06-30 20:06:57,397] Trial 4 finished with value: 3.75 and parameters: {'lambda': 0.0781185853765672, 'alpha': 2.7640226989204772e-05, 'colsample_bytree': 0.4, 'subsample': 0.9, 'learning_rate': 0.005929271755462514, 'n_estimators': 934, 'max_depth': 9, 'min_child_weight': 6}. Best is trial 1 with value: 3.7495059967041016.
[I 2024-06-30 20:06:57,460] Trial 5 finished with value: 3.75 and parameters: {'lambda': 0.00019893841701971117, 'alpha': 0.0005481965019923656, 'colsample_bytree': 0.3, 'subsample': 0.5, 'learning_rate': 0.03445782693788154, 'n_estimators': 844, 'max_depth': 7, 'min_child_weight': 5}. Best is trial 1 with value: 3.7495059967041016.
[I 2024-06-30 20:06:57,488] Trial 6 finished with value: 3.75 and parameters: {'lambda': 0.025069741206123545, 'alpha': 1.2669043378412997e-05, 'colsample_bytree': 0.4, 'subsample': 0.7, 'learning_rate': 0.16453460645119833, 'n_estimators': 333, 'max_depth': 8, 'min_child_weight': 9}. Best is trial 1 with value: 3.7495059967041016.
[I 2024-06-30 20:06:57,507] Trial 7 finished with value: 3.7601919174194336 and parameters: {'lambda': 7.689560276701134e-05, 'alpha': 0.5505035459356027, 'colsample_bytree': 0.4, 'subsample': 0.5, 'learning_rate': 9.566959178386086e-05, 'n_estimators': 227, 'max_depth': 9, 'min_child_weight': 3}. Best is trial 1 with value: 3.7495059967041016.
[I 2024-06-30 20:06:57,542] Trial 8 finished with value: 3.75 and parameters: {'lambda': 1.4031225597260766e-06, 'alpha': 0.0003889043917199638, 'colsample_bytree': 0.7, 'subsample': 0.7, 'learning_rate': 0.8439874392900794, 'n_estimators': 383, 'max_depth': 3, 'min_child_weight': 9}. Best is trial 1 with value: 3.7495059967041016.
[I 2024-06-30 20:06:57,609] Trial 9 finished with value: 3.75 and parameters: {'lambda': 7.135753310396993e-05, 'alpha': 0.005115730640204925, 'colsample_bytree': 0.4, 'subsample': 0.5, 'learning_rate': 0.0060864528066199375, 'n_estimators': 900, 'max_depth': 5, 'min_child_weight': 4}. Best is trial 1 with value: 3.7495059967041016.
[I 2024-06-30 20:06:57,698] Trial 10 finished with value: 3.75 and parameters: {'lambda': 2.637257667060049e-06, 'alpha': 3.3147561248057258e-06, 'colsample_bytree': 0.5, 'subsample': 0.6, 'learning_rate': 1.1521264948676905e-08, 'n_estimators': 143, 'max_depth': 3, 'min_child_weight': 1}. Best is trial 1 with value: 3.7495059967041016.
[I 2024-06-30 20:06:57,774] Trial 11 finished with value: 3.725592613220215 and parameters: {'lambda': 1.283984623013074e-08, 'alpha': 0.8203037896727062, 'colsample_bytree': 0.3, 'subsample': 0.9, 'learning_rate': 9.165173352275815e-06, 'n_estimators': 515, 'max_depth': 4, 'min_child_weight': 1}. Best is trial 11 with value: 3.725592613220215.
[I 2024-06-30 20:06:58,076] Trial 12 finished with value: 3.738069534301758 and parameters: {'lambda': 1.0739094031971566e-08, 'alpha': 6.352247005461214e-07, 'colsample_bytree': 0.3, 'subsample': 0.9, 'learning_rate': 2.959762584252646e-06, 'n_estimators': 669, 'max_depth': 4, 'min_child_weight': 1}. Best is trial 11 with value: 3.725592613220215.
[I 2024-06-30 20:06:58,397] Trial 13 finished with value: 3.6364402770996094 and parameters: {'lambda': 1.1995216775467844e-08, 'alpha': 2.282861365955779e-07, 'colsample_bytree': 0.3, 'subsample': 0.8, 'learning_rate': 3.158450579428332e-05, 'n_estimators': 667, 'max_depth': 5, 'min_child_weight': 1}. Best is trial 13 with value: 3.6364402770996094.
[I 2024-06-30 20:06:58,463] Trial 14 finished with value: 3.762451171875 and parameters: {'lambda': 3.006915252107667e-06, 'alpha': 0.03626356996569626, 'colsample_bytree': 0.3, 'subsample': 0.8, 'learning_rate': 6.521462233839489e-05, 'n_estimators': 743, 'max_depth': 5, 'min_child_weight': 3}. Best is trial 13 with value: 3.6364402770996094.
[I 2024-06-30 20:06:58,545] Trial 15 finished with value: 3.700375556945801 and parameters: {'lambda': 1.0562854348167227e-08, 'alpha': 2.1441533110544773e-07, 'colsample_bytree': 0.5, 'subsample': 0.8, 'learning_rate': 1.7047343501295026e-05, 'n_estimators': 540, 'max_depth': 5, 'min_child_weight': 1}. Best is trial 13 with value: 3.6364402770996094.
[I 2024-06-30 20:06:58,601] Trial 16 finished with value: 3.860322952270508 and parameters: {'lambda': 0.0012182916900031625, 'alpha': 1.8203156296754384e-07, 'colsample_bytree': 0.5, 'subsample': 0.8, 'learning_rate': 0.0008061393303564158, 'n_estimators': 652, 'max_depth': 6, 'min_child_weight': 3}. Best is trial 13 with value: 3.6364402770996094.
[I 2024-06-30 20:06:58,649] Trial 17 finished with value: 3.75 and parameters: {'lambda': 3.2081961421105246e-07, 'alpha': 2.633336795007469e-07, 'colsample_bytree': 0.5, 'subsample': 0.8, 'learning_rate': 3.230931584100818e-08, 'n_estimators': 423, 'max_depth': 5, 'min_child_weight': 2}. Best is trial 13 with value: 3.6364402770996094.
