[I 2024-06-30 20:07:23,308] Trial 99 finished with value: 0.4771690368652344 and parameters: {'lambda': 0.0009254984134372111, 'alpha': 4.240329598205621e-07, 'colsample_bytree': 0.5, 'subsample': 0.9, 'learning_rate': 0.9541417063082294, 'n_estimators': 579, 'max_depth': 9, 'min_child_weight': 2}. Best is trial 97 with value: 0.00013589859008789062.
=============================== warnings summary ===============================
../../../../anaconda3/lib/python3.11/site-packages/plotly/express/imshow_utils.py:24
  /Users/carlopiccinin/anaconda3/lib/python3.11/site-packages/plotly/express/imshow_utils.py:24: DeprecationWarning: `np.bool8` is a deprecated alias for `np.bool_`.  (Deprecated NumPy 1.24)
    np.bool8: (False, True),

tests/test_diamond_model.py::test_get_similar_samples
  /Users/carlopiccinin/Desktop/side projects/xtream-ai/xtream-ai-assignment-developer/DiamondModels.py:884: SettingWithCopyWarning: 
  A value is trying to be set on a copy of a slice from a DataFrame.
  Try using .loc[row_indexer,col_indexer] = value instead
  
  See the caveats in the documentation: https://pandas.pydata.org/pandas-docs/stable/user_guide/indexing.html#returning-a-view-versus-a-copy
    filtered_data['weight_diff'] = (filtered_data['carat'] - carat).abs()

-- Docs: https://docs.pytest.org/en/stable/how-to/capture-warnings.html
=========================== short test summary info ============================
FAILED tests/test_MLP_model.py::test_mlp_get_params - TypeError: 'NoneType' o...
FAILED tests/test_MLP_model.py::test_mlp_save_load - RuntimeError: Error(s) i...
FAILED tests/test_diamond_model.py::test_get_similar_samples - assert 1 == 2
FAILED tests/test_diamond_model.py::test_prepare_data_for_prediction - ValueE...
FAILED tests/test_diamond_model.py::test_different_models[MLP] - RuntimeError...
FAILED tests/test_xgb_regressor_model.py::test_xgb_regressor_predict - Assert...
FAILED tests/test_xgb_regressor_model.py::test_xgb_regressor_get_params - Att...
============= 7 failed, 32 passed, 2 warnings in 74.55s (0:01:14) ==============
